TN:
SF:src/App.tsx
FN:1,(empty-report)
FNF:1
FNH:0
FNDA:0,(empty-report)
DA:1,0
DA:3,0
DA:4,0
DA:5,0
DA:6,0
DA:7,0
DA:8,0
DA:9,0
DA:10,0
DA:11,0
DA:12,0
DA:13,0
DA:14,0
DA:15,0
DA:16,0
DA:17,0
DA:18,0
DA:19,0
DA:20,0
DA:21,0
DA:22,0
DA:23,0
DA:25,0
DA:27,0
DA:28,0
DA:29,0
DA:30,0
DA:31,0
DA:32,0
DA:33,0
DA:34,0
DA:35,0
DA:36,0
DA:37,0
DA:38,0
DA:39,0
DA:40,0
DA:41,0
DA:42,0
DA:43,0
DA:44,0
DA:45,0
DA:46,0
DA:47,0
DA:48,0
DA:49,0
DA:61,0
LF:47
LH:0
BRDA:1,0,0,0
BRF:1
BRH:0
end_of_record
TN:
SF:src/components/CommentSection.tsx
FN:1,(empty-report)
FNF:1
FNH:0
FNDA:0,(empty-report)
DA:1,0
DA:19,0
DA:20,0
DA:21,0
DA:22,0
DA:23,0
DA:25,0
DA:27,0
DA:28,0
DA:29,0
DA:30,0
DA:31,0
DA:32,0
DA:33,0
DA:34,0
DA:35,0
DA:36,0
DA:37,0
DA:38,0
DA:40,0
DA:41,0
DA:42,0
DA:43,0
DA:44,0
DA:46,0
DA:47,0
DA:48,0
DA:49,0
DA:50,0
DA:51,0
DA:52,0
DA:53,0
DA:55,0
DA:56,0
DA:57,0
DA:58,0
DA:59,0
DA:60,0
DA:65,0
DA:66,0
DA:67,0
DA:68,0
DA:69,0
DA:70,0
DA:71,0
DA:73,0
DA:74,0
DA:78,0
DA:84,0
DA:85,0
DA:86,0
DA:87,0
DA:90,0
DA:91,0
DA:92,0
DA:93,0
DA:94,0
DA:95,0
DA:96,0
DA:97,0
DA:98,0
DA:99,0
DA:100,0
DA:101,0
DA:102,0
DA:103,0
DA:105,0
DA:106,0
DA:107,0
DA:108,0
DA:109,0
DA:116,0
DA:125,0
DA:126,0
DA:127,0
DA:128,0
DA:129,0
DA:130,0
DA:133,0
DA:134,0
DA:135,0
DA:136,0
DA:137,0
DA:138,0
DA:141,0
DA:142,0
DA:143,0
DA:144,0
DA:145,0
DA:146,0
DA:148,0
DA:152,0
DA:156,0
LF:93
LH:0
BRDA:1,0,0,0
BRF:1
BRH:0
end_of_record
TN:
SF:src/components/CookMode.tsx
FN:15,parseQuantityValue
FN:34,CookMode
FN:72,handlePrevStep
FN:79,handleNextStep
FN:86,startTimer
FN:92,toggleTimer
FN:96,resetTimer
FN:102,formatTime
FN:108,scaleIngredient
FN:207,onClick
FN:238,onClick
FN:248,onClick
FNF:12
FNH:4
FNDA:6,parseQuantityValue
FNDA:3,CookMode
FNDA:0,handlePrevStep
FNDA:0,handleNextStep
FNDA:0,startTimer
FNDA:0,toggleTimer
FNDA:0,resetTimer
FNDA:0,formatTime
FNDA:6,scaleIngredient
FNDA:0,onClick
FNDA:0,onClick
FNDA:1,onClick
DA:1,1
DA:15,6
DA:16,6
DA:17,6
DA:18,3
DA:19,3
DA:21,3
DA:22,6
DA:23,0
DA:24,0
DA:26,3
DA:27,3
DA:28,6
DA:29,0
DA:30,0
DA:31,3
DA:32,3
DA:34,1
DA:35,3
DA:36,3
DA:37,3
DA:38,3
DA:39,3
DA:41,3
DA:42,3
DA:43,3
DA:44,3
DA:46,3
DA:47,3
DA:48,2
DA:49,2
DA:51,3
DA:53,3
DA:55,3
DA:56,3
DA:57,2
DA:58,2
DA:59,0
DA:60,0
DA:61,0
DA:62,0
DA:63,0
DA:64,0
DA:65,0
DA:66,0
DA:67,0
DA:68,0
DA:69,2
DA:70,3
DA:72,3
DA:73,0
DA:74,0
DA:75,0
DA:76,0
DA:77,0
DA:79,3
DA:80,0
DA:81,0
DA:82,0
DA:83,0
DA:84,0
DA:86,3
DA:87,0
DA:88,0
DA:89,0
DA:90,0
DA:92,3
DA:93,0
DA:94,0
DA:96,3
DA:97,0
DA:98,0
DA:99,0
DA:100,0
DA:102,3
DA:103,0
DA:104,0
DA:105,0
DA:106,0
DA:108,3
DA:109,6
DA:110,6
DA:111,6
DA:112,6
DA:113,6
DA:114,0
DA:115,0
DA:116,6
DA:117,6
DA:118,6
DA:119,6
DA:120,6
DA:121,6
DA:122,0
DA:123,0
DA:125,3
DA:126,3
DA:127,3
DA:129,3
DA:130,3
DA:131,3
DA:132,3
DA:133,3
DA:139,3
DA:140,3
DA:142,3
DA:143,3
DA:144,3
DA:145,3
DA:147,3
DA:148,3
DA:149,3
DA:150,3
DA:156,3
DA:157,3
DA:158,3
DA:159,3
DA:163,3
DA:164,3
DA:168,3
DA:169,3
DA:170,3
DA:171,3
DA:172,3
DA:173,3
DA:179,3
DA:180,3
DA:181,3
DA:184,3
DA:185,3
DA:186,0
DA:187,0
DA:188,0
DA:189,0
DA:190,0
DA:191,0
DA:192,0
DA:195,0
DA:201,3
DA:202,3
DA:203,3
DA:204,3
DA:205,3
DA:206,3
DA:207,3
DA:209,3
DA:210,3
DA:213,3
DA:214,3
DA:215,3
DA:217,3
DA:218,3
DA:219,3
DA:221,3
DA:222,3
DA:231,3
DA:232,3
DA:233,3
DA:234,3
DA:235,3
DA:236,3
DA:237,3
DA:238,3
DA:239,3
DA:241,3
DA:243,3
DA:244,3
DA:245,3
DA:246,3
DA:247,3
DA:248,3
DA:250,3
DA:256,3
DA:257,3
DA:258,3
DA:259,3
DA:260,3
DA:261,6
DA:262,6
DA:263,6
DA:264,6
DA:265,6
DA:266,6
DA:267,6
DA:270,6
DA:279,3
DA:280,3
DA:281,3
DA:282,3
DA:283,3
DA:284,3
DA:285,3
DA:286,3
DA:288,3
DA:291,3
DA:292,3
DA:294,3
DA:295,3
DA:296,3
DA:297,3
DA:299,3
DA:300,3
DA:307,3
LF:203
LH:153
BRDA:15,0,0,6
BRDA:17,1,0,3
BRDA:22,2,0,0
BRDA:24,3,0,3
BRDA:28,4,0,0
BRDA:30,5,0,3
BRDA:34,6,0,3
BRDA:53,7,0,0
BRDA:296,8,0,0
BRDA:299,9,0,0
BRDA:47,10,0,2
BRDA:48,11,0,2
BRDA:56,12,0,2
BRDA:58,13,0,0
BRDA:58,14,0,0
BRDA:69,15,0,2
BRDA:108,16,0,6
BRDA:109,17,0,0
BRDA:113,18,0,0
BRDA:121,19,0,0
BRDA:248,20,0,1
BRDA:260,21,0,6
BRDA:265,22,0,0
BRDA:267,23,0,0
BRF:24
BRH:12
end_of_record
TN:
SF:src/components/RecipeCard.tsx
FN:19,RecipeCard
FN:33,handleFavoriteClick
FNF:2
FNH:2
FNDA:1,RecipeCard
FNDA:1,handleFavoriteClick
DA:1,1
DA:19,1
DA:20,1
DA:21,1
DA:22,1
DA:23,1
DA:24,1
DA:25,1
DA:26,0
DA:27,1
DA:28,1
DA:29,1
DA:30,1
DA:31,1
DA:33,1
DA:34,1
DA:35,1
DA:36,1
DA:37,1
DA:38,0
DA:39,0
DA:40,0
DA:41,0
DA:42,0
DA:43,0
DA:44,1
DA:46,1
DA:47,1
DA:48,1
DA:49,1
DA:51,1
DA:52,1
DA:53,1
DA:54,1
DA:55,1
DA:57,1
DA:58,1
DA:59,1
DA:60,1
DA:65,1
DA:66,0
DA:67,0
DA:68,0
DA:69,0
DA:72,1
DA:77,1
DA:78,1
DA:80,1
DA:81,1
DA:82,1
DA:86,1
DA:87,1
DA:90,1
DA:91,1
DA:92,1
DA:93,1
DA:94,1
DA:97,1
DA:98,1
DA:99,1
DA:103,1
DA:104,1
DA:105,1
DA:106,1
DA:107,1
DA:115,1
LF:66
LH:55
BRDA:19,0,0,1
BRDA:20,1,0,0
BRDA:20,2,0,0
BRDA:25,3,0,0
BRDA:29,4,0,0
BRDA:30,5,0,0
BRDA:60,6,0,0
BRDA:65,7,0,0
BRDA:33,8,0,1
BRDA:37,9,0,0
BRF:10
BRH:2
end_of_record
TN:
SF:src/components/RecipeDetail.tsx
FN:43,getSourceLabel
FN:77,RecipeDetail
FN:90,toggleIngredient
FN:100,handleRate
FN:113,handleFavoriteClick
FN:126,handleShare
FN:142,handleDelete
FN:213,onClick
FN:221,onClick
FN:399,onCheckedChange
FN:476,onClick
FN:521,onClick
FNF:12
FNH:2
FNDA:4,getSourceLabel
FNDA:4,RecipeDetail
FNDA:0,toggleIngredient
FNDA:0,handleRate
FNDA:0,handleFavoriteClick
FNDA:0,handleShare
FNDA:0,handleDelete
FNDA:0,onClick
FNDA:0,onClick
FNDA:0,onCheckedChange
FNDA:0,onClick
FNDA:0,onClick
DA:1,1
DA:43,4
DA:44,4
DA:46,4
DA:47,0
DA:48,0
DA:49,4
DA:50,1
DA:51,1
DA:52,4
DA:53,0
DA:54,0
DA:55,4
DA:56,0
DA:57,0
DA:58,4
DA:59,0
DA:60,0
DA:62,4
DA:63,0
DA:64,0
DA:65,0
DA:66,0
DA:67,0
DA:68,0
DA:69,0
DA:70,0
DA:71,0
DA:72,0
DA:74,3
DA:75,3
DA:77,1
DA:78,4
DA:79,4
DA:80,4
DA:81,4
DA:82,4
DA:83,4
DA:84,4
DA:86,4
DA:87,4
DA:88,4
DA:90,4
DA:91,0
DA:92,0
DA:93,0
DA:94,0
DA:95,0
DA:96,0
DA:97,0
DA:98,0
DA:100,4
DA:101,0
DA:102,0
DA:103,0
DA:104,0
DA:105,0
DA:106,0
DA:107,0
DA:108,0
DA:109,0
DA:110,0
DA:111,0
DA:113,4
DA:114,0
DA:115,0
DA:116,0
DA:117,0
DA:118,0
DA:119,0
DA:120,0
DA:121,0
DA:122,0
DA:123,0
DA:124,0
DA:126,4
DA:127,0
DA:128,0
DA:130,0
DA:131,0
DA:132,0
DA:133,0
DA:134,0
DA:135,0
DA:136,0
DA:137,0
DA:138,0
DA:139,0
DA:140,0
DA:142,4
DA:143,0
DA:144,0
DA:145,0
DA:146,0
DA:147,0
DA:148,0
DA:149,0
DA:150,0
DA:151,0
DA:152,0
DA:153,0
DA:154,0
DA:156,4
DA:157,4
DA:158,4
DA:159,4
DA:161,4
DA:162,4
DA:163,4
DA:165,4
DA:166,4
DA:167,0
DA:168,0
DA:169,0
DA:170,0
DA:173,4
DA:177,4
DA:178,4
DA:179,4
DA:180,4
DA:181,4
DA:183,4
DA:185,4
DA:186,4
DA:187,4
DA:188,4
DA:189,4
DA:190,4
DA:191,4
DA:193,4
DA:194,4
DA:195,4
DA:196,4
DA:201,4
DA:202,4
DA:203,4
DA:204,4
DA:205,4
DA:207,4
DA:209,4
DA:210,4
DA:211,4
DA:212,4
DA:213,4
DA:215,4
DA:217,4
DA:218,4
DA:219,4
DA:220,4
DA:221,4
DA:223,4
DA:225,4
DA:226,4
DA:227,4
DA:228,4
DA:229,4
DA:230,4
DA:231,4
DA:233,4
DA:236,4
DA:237,4
DA:238,0
DA:239,0
DA:240,0
DA:241,0
DA:242,0
DA:243,0
DA:244,0
DA:245,0
DA:246,0
DA:247,0
DA:248,0
DA:249,0
DA:250,0
DA:252,0
DA:253,0
DA:254,0
DA:257,0
DA:265,4
DA:266,4
DA:268,4
DA:269,4
DA:271,4
DA:272,4
DA:276,4
DA:277,4
DA:278,4
DA:279,4
DA:280,4
DA:287,4
DA:288,4
DA:289,4
DA:290,4
DA:291,4
DA:292,4
DA:293,4
DA:297,4
DA:298,4
DA:299,4
DA:300,4
DA:301,4
DA:302,4
DA:306,4
DA:307,4
DA:308,4
DA:309,4
DA:310,4
DA:315,4
DA:316,4
DA:317,4
DA:318,4
DA:319,1
DA:320,1
DA:321,1
DA:322,1
DA:323,1
DA:325,1
DA:326,1
DA:329,4
DA:330,4
DA:336,4
DA:337,4
DA:338,4
DA:339,4
DA:340,4
DA:341,4
DA:342,4
DA:343,4
DA:344,4
DA:350,4
DA:351,4
DA:352,4
DA:353,4
DA:354,4
DA:355,4
DA:356,4
DA:362,4
DA:363,4
DA:364,4
DA:365,4
DA:367,4
DA:368,4
DA:369,4
DA:370,4
DA:371,4
DA:378,4
DA:379,4
DA:384,4
DA:387,4
DA:389,4
DA:390,4
DA:391,4
DA:392,4
DA:393,4
DA:394,4
DA:395,4
DA:397,4
DA:398,4
DA:399,4
DA:400,4
DA:402,4
DA:403,4
DA:404,4
DA:405,0
DA:406,4
DA:407,4
DA:409,4
DA:410,4
DA:411,4
DA:412,4
DA:413,4
DA:422,4
DA:423,4
DA:424,4
DA:425,4
DA:426,4
DA:427,4
DA:428,4
DA:429,4
DA:431,4
DA:432,4
DA:433,4
DA:434,4
DA:435,4
DA:436,4
DA:437,4
DA:440,4
DA:441,4
DA:442,4
DA:443,4
DA:450,4
DA:451,0
DA:454,0
DA:459,4
DA:460,4
DA:461,4
DA:462,4
DA:463,4
DA:464,4
DA:465,4
DA:466,4
DA:467,4
DA:468,4
DA:469,4
DA:472,4
DA:473,4
DA:474,4
DA:475,4
DA:476,4
DA:477,4
DA:479,4
DA:480,0
DA:482,4
DA:483,4
DA:486,4
DA:487,4
DA:488,4
DA:489,4
DA:490,4
DA:491,4
DA:501,4
DA:504,4
DA:505,4
DA:506,4
DA:507,4
DA:508,4
DA:509,4
DA:510,4
DA:511,4
DA:512,4
DA:513,4
DA:514,4
DA:517,4
DA:518,4
DA:519,4
DA:520,4
DA:521,4
DA:522,4
DA:524,4
DA:525,0
DA:527,4
DA:528,4
DA:531,4
DA:532,4
DA:533,4
DA:534,4
DA:535,4
DA:536,4
DA:546,4
DA:549,4
DA:550,4
DA:555,4
DA:556,4
DA:557,4
DA:558,4
DA:559,4
DA:560,4
DA:563,4
DA:564,4
DA:565,4
DA:571,4
LF:361
LH:262
BRDA:43,0,0,4
BRDA:44,1,0,1
BRDA:46,2,0,0
BRDA:49,3,0,1
BRDA:51,4,0,3
BRDA:52,5,0,0
BRDA:54,6,0,3
BRDA:55,7,0,0
BRDA:57,8,0,3
BRDA:58,9,0,0
BRDA:60,10,0,3
BRDA:62,11,0,0
BRDA:72,12,0,3
BRDA:77,13,0,4
BRDA:158,14,0,1
BRDA:159,15,0,3
BRDA:166,16,0,0
BRDA:196,17,0,0
BRDA:315,18,0,3
BRDA:318,19,0,1
BRDA:365,20,0,0
BRDA:368,21,0,0
BRDA:450,22,0,0
BRDA:404,23,0,0
BRDA:409,24,0,0
BRDA:410,25,0,0
BRDA:459,26,0,4
BRDA:463,27,0,0
BRDA:461,28,0,4
BRDA:461,29,0,8
BRDA:479,30,0,0
BRDA:504,31,0,4
BRDA:508,32,0,0
BRDA:506,33,0,4
BRDA:506,34,0,12
BRDA:524,35,0,0
BRF:36
BRH:19
end_of_record
TN:
SF:src/components/SavedMealPlans.tsx
FN:26,SavedMealPlans
FN:29,formatDate
FN:63,onClick
FN:91,onClick
FN:105,onOpenChange
FN:116,onClick
FNF:6
FNH:3
FNDA:2,SavedMealPlans
FNDA:1,formatDate
FNDA:1,onClick
FNDA:0,onClick
FNDA:0,onOpenChange
FNDA:0,onClick
DA:1,1
DA:26,1
DA:27,2
DA:29,2
DA:30,1
DA:31,1
DA:32,1
DA:33,1
DA:34,1
DA:35,1
DA:36,1
DA:38,2
DA:39,1
DA:40,1
DA:41,1
DA:42,1
DA:43,1
DA:49,1
DA:51,1
DA:52,1
DA:53,1
DA:54,1
DA:55,1
DA:56,1
DA:57,1
DA:59,1
DA:60,1
DA:61,1
DA:62,1
DA:63,1
DA:65,1
DA:66,1
DA:67,1
DA:68,1
DA:69,1
DA:70,1
DA:71,1
DA:73,1
DA:74,1
DA:75,1
DA:77,1
DA:78,1
DA:80,1
DA:81,1
DA:82,1
DA:87,1
DA:88,1
DA:89,1
DA:90,1
DA:91,1
DA:92,0
DA:93,0
DA:94,0
DA:96,1
DA:102,1
DA:105,1
DA:106,1
DA:107,1
DA:108,1
DA:109,1
DA:113,1
DA:114,1
DA:115,1
DA:116,1
DA:117,0
DA:118,0
DA:119,0
DA:120,1
DA:121,1
DA:129,1
LF:70
LH:64
BRDA:26,0,0,2
BRDA:38,1,0,1
BRDA:29,2,0,1
BRDA:54,3,0,1
BRDA:75,4,0,0
BRDA:78,5,0,0
BRDA:56,6,0,1
BRDA:56,7,0,1
BRDA:63,8,0,1
BRF:9
BRH:7
end_of_record
TN:
SF:src/components/SearchableRecipeSelect.tsx
FN:1,(empty-report)
FNF:1
FNH:0
FNDA:0,(empty-report)
DA:1,0
DA:25,0
DA:26,0
DA:27,0
DA:28,0
DA:29,0
DA:30,0
DA:31,0
DA:32,0
DA:33,0
DA:34,0
DA:35,0
DA:37,0
DA:38,0
DA:39,0
DA:40,0
DA:41,0
DA:42,0
DA:43,0
DA:45,0
DA:46,0
DA:47,0
DA:49,0
DA:51,0
DA:53,0
DA:54,0
DA:55,0
DA:56,0
DA:57,0
DA:58,0
DA:59,0
DA:60,0
DA:61,0
DA:63,0
DA:64,0
DA:65,0
DA:66,0
DA:67,0
DA:69,0
DA:72,0
DA:73,0
DA:74,0
DA:75,0
DA:76,0
DA:77,0
DA:78,0
DA:79,0
DA:80,0
DA:81,0
DA:85,0
DA:86,0
DA:87,0
DA:91,0
DA:92,0
DA:93,0
DA:94,0
DA:95,0
DA:96,0
DA:97,0
DA:98,0
DA:99,0
DA:102,0
DA:103,0
DA:104,0
DA:105,0
DA:108,0
DA:111,0
DA:117,0
DA:118,0
DA:119,0
DA:120,0
DA:121,0
DA:122,0
DA:123,0
DA:124,0
DA:125,0
DA:127,0
DA:135,0
LF:78
LH:0
BRDA:1,0,0,0
BRF:1
BRH:0
end_of_record
TN:
SF:src/components/ShoppingList.tsx
FN:1,(empty-report)
FNF:1
FNH:0
FNDA:0,(empty-report)
DA:1,0
DA:18,0
DA:19,0
DA:20,0
DA:21,0
DA:22,0
DA:23,0
DA:24,0
DA:25,0
DA:26,0
DA:28,0
DA:29,0
DA:30,0
DA:31,0
DA:32,0
DA:33,0
DA:34,0
DA:35,0
DA:37,0
DA:38,0
DA:39,0
DA:40,0
DA:41,0
DA:42,0
DA:43,0
DA:44,0
DA:46,0
DA:49,0
DA:50,0
DA:51,0
DA:53,0
DA:54,0
DA:55,0
DA:56,0
DA:57,0
DA:58,0
DA:60,0
DA:61,0
DA:62,0
DA:63,0
DA:64,0
DA:65,0
DA:66,0
DA:67,0
DA:68,0
DA:69,0
DA:70,0
DA:72,0
DA:73,0
DA:74,0
DA:75,0
DA:76,0
DA:77,0
DA:78,0
DA:79,0
DA:80,0
DA:82,0
DA:83,0
DA:85,0
DA:86,0
DA:87,0
DA:88,0
DA:89,0
DA:90,0
DA:91,0
DA:92,0
DA:93,0
DA:100,0
DA:101,0
DA:102,0
DA:103,0
DA:105,0
DA:106,0
DA:107,0
DA:109,0
DA:111,0
DA:112,0
DA:113,0
DA:115,0
DA:116,0
DA:117,0
DA:118,0
DA:119,0
DA:120,0
DA:121,0
DA:122,0
DA:123,0
DA:124,0
DA:125,0
DA:126,0
DA:128,0
DA:129,0
DA:130,0
DA:131,0
DA:132,0
DA:133,0
DA:134,0
DA:135,0
DA:137,0
DA:139,0
DA:140,0
DA:141,0
DA:142,0
DA:143,0
DA:145,0
DA:146,0
DA:147,0
DA:148,0
DA:149,0
DA:151,0
DA:152,0
DA:153,0
DA:154,0
DA:155,0
DA:156,0
DA:158,0
DA:160,0
DA:161,0
DA:162,0
DA:164,0
DA:165,0
DA:166,0
DA:167,0
DA:168,0
DA:170,0
DA:171,0
DA:172,0
DA:173,0
DA:174,0
DA:175,0
DA:176,0
DA:177,0
DA:178,0
DA:180,0
DA:181,0
DA:182,0
DA:184,0
DA:185,0
DA:186,0
DA:187,0
DA:188,0
DA:190,0
DA:191,0
DA:192,0
DA:193,0
DA:194,0
DA:195,0
DA:196,0
DA:197,0
DA:198,0
DA:200,0
DA:201,0
DA:202,0
DA:203,0
DA:205,0
DA:206,0
DA:207,0
DA:208,0
DA:209,0
DA:211,0
DA:212,0
DA:214,0
DA:215,0
DA:217,0
DA:218,0
DA:220,0
DA:221,0
DA:222,0
DA:223,0
DA:224,0
DA:225,0
DA:226,0
DA:229,0
DA:230,0
DA:233,0
DA:234,0
DA:241,0
DA:242,0
DA:243,0
DA:244,0
DA:245,0
DA:246,0
DA:247,0
DA:248,0
DA:250,0
DA:251,0
DA:252,0
DA:253,0
DA:254,0
DA:256,0
DA:257,0
DA:264,0
DA:265,0
DA:266,0
DA:267,0
DA:268,0
DA:269,0
DA:270,0
DA:274,0
DA:275,0
DA:276,0
DA:277,0
DA:278,0
DA:279,0
DA:280,0
DA:281,0
DA:282,0
DA:284,0
DA:285,0
DA:287,0
DA:290,0
DA:291,0
DA:292,0
DA:293,0
DA:295,0
DA:297,0
DA:298,0
DA:299,0
DA:300,0
DA:301,0
DA:303,0
DA:312,0
DA:313,0
DA:314,0
DA:315,0
DA:316,0
DA:324,0
LF:227
LH:0
BRDA:1,0,0,0
BRF:1
BRH:0
end_of_record
TN:
SF:src/components/SortableStepList.tsx
FN:1,(empty-report)
FNF:1
FNH:0
FNDA:0,(empty-report)
DA:1,0
DA:38,0
DA:39,0
DA:40,0
DA:41,0
DA:42,0
DA:43,0
DA:44,0
DA:45,0
DA:46,0
DA:47,0
DA:58,0
DA:59,0
DA:60,0
DA:61,0
DA:63,0
DA:64,0
DA:65,0
DA:66,0
DA:67,0
DA:69,0
DA:70,0
DA:71,0
DA:72,0
DA:74,0
DA:75,0
DA:77,0
DA:78,0
DA:79,0
DA:80,0
DA:81,0
DA:82,0
DA:83,0
DA:85,0
DA:86,0
DA:87,0
DA:89,0
DA:90,0
DA:91,0
DA:92,0
DA:93,0
DA:94,0
DA:95,0
DA:97,0
DA:99,0
DA:100,0
DA:102,0
DA:103,0
DA:104,0
DA:105,0
DA:106,0
DA:107,0
DA:109,0
DA:110,0
DA:111,0
DA:112,0
DA:113,0
DA:114,0
DA:115,0
DA:117,0
DA:118,0
DA:119,0
DA:120,0
DA:121,0
DA:123,0
DA:128,0
DA:129,0
DA:130,0
DA:131,0
DA:132,0
DA:134,0
DA:135,0
DA:136,0
DA:141,0
DA:142,0
DA:143,0
DA:144,0
DA:145,0
DA:146,0
DA:147,0
DA:152,0
DA:153,0
DA:155,0
DA:156,0
DA:157,0
DA:158,0
DA:159,0
DA:160,0
DA:161,0
DA:162,0
DA:163,0
DA:164,0
DA:166,0
DA:169,0
DA:177,0
DA:178,0
DA:179,0
DA:180,0
DA:181,0
DA:182,0
DA:183,0
DA:184,0
DA:187,0
DA:191,0
DA:192,0
DA:193,0
DA:194,0
DA:195,0
DA:196,0
DA:197,0
DA:198,0
DA:199,0
DA:201,0
DA:207,0
DA:208,0
DA:209,0
DA:214,0
DA:216,0
DA:217,0
DA:218,0
DA:219,0
DA:222,0
DA:223,0
DA:224,0
DA:225,0
DA:226,0
DA:228,0
DA:229,0
DA:230,0
DA:231,0
DA:233,0
DA:234,0
DA:235,0
DA:236,0
DA:237,0
DA:239,0
DA:240,0
DA:241,0
DA:242,0
DA:243,0
DA:244,0
DA:245,0
DA:246,0
DA:247,0
DA:248,0
DA:249,0
DA:250,0
DA:251,0
DA:253,0
DA:254,0
DA:255,0
DA:256,0
DA:257,0
DA:258,0
DA:259,0
DA:260,0
DA:262,0
DA:263,0
DA:264,0
DA:265,0
DA:266,0
DA:267,0
DA:268,0
DA:269,0
DA:270,0
DA:271,0
DA:272,0
DA:273,0
DA:274,0
DA:275,0
DA:276,0
DA:277,0
DA:284,0
LF:173
LH:0
BRDA:1,0,0,0
BRF:1
BRH:0
end_of_record
TN:
SF:src/components/StarRating.tsx
FN:16,StarRating
FN:31,handleClick
FN:49,onClick
FNF:3
FNH:3
FNDA:2,StarRating
FNDA:1,handleClick
FNDA:1,onClick
DA:1,1
DA:16,1
DA:17,2
DA:18,2
DA:19,2
DA:20,2
DA:21,2
DA:22,2
DA:23,2
DA:24,2
DA:25,2
DA:26,2
DA:27,2
DA:28,2
DA:29,2
DA:31,2
DA:32,1
DA:33,1
DA:34,1
DA:35,1
DA:37,2
DA:38,2
DA:39,2
DA:40,2
DA:41,10
DA:42,10
DA:44,10
DA:45,10
DA:46,10
DA:47,10
DA:48,10
DA:49,10
DA:50,10
DA:51,10
DA:52,10
DA:53,10
DA:56,10
DA:57,10
DA:58,10
DA:59,10
DA:64,10
DA:66,2
DA:67,2
DA:68,2
DA:73,2
LF:45
LH:45
BRDA:16,0,0,2
BRDA:31,1,0,1
BRDA:40,2,0,10
BRDA:42,3,0,2
BRDA:52,4,0,5
BRDA:53,5,0,5
BRDA:59,6,0,5
BRDA:59,7,0,6
BRDA:59,8,0,4
BRDA:49,9,0,1
BRF:10
BRH:10
end_of_record
TN:
SF:src/components/UpdateNotifier.tsx
FN:25,UpdateNotifier
FN:53,onClick
FNF:2
FNH:1
FNDA:1,UpdateNotifier
FNDA:0,onClick
DA:1,1
DA:23,1
DA:25,1
DA:26,1
DA:27,1
DA:28,1
DA:30,1
DA:31,1
DA:32,0
DA:33,0
DA:35,1
DA:37,1
DA:38,1
DA:39,1
DA:40,0
DA:41,0
DA:43,1
DA:44,1
DA:45,0
DA:46,0
DA:48,1
DA:49,1
DA:50,1
DA:51,1
DA:52,1
DA:53,1
DA:57,1
DA:58,1
DA:59,1
DA:60,1
DA:62,1
DA:63,1
LF:32
LH:26
BRDA:25,0,0,1
BRDA:30,1,0,1
BRDA:31,2,0,0
BRDA:31,3,0,0
BRDA:38,4,0,1
BRDA:39,5,0,0
BRDA:44,6,0,0
BRF:7
BRH:3
end_of_record
TN:
SF:src/hooks/useAuth.tsx
FN:81,normalizeUser
FN:98,AuthProvider
FN:128,bootstrap
FN:167,login
FN:182,signup
FN:201,logout
FN:206,refreshProfile
FN:212,updatePreferences
FN:232,updateProfile
FN:262,changePassword
FN:307,onClick
FN:316,useAuth
FNF:12
FNH:4
FNDA:1,normalizeUser
FNDA:4,AuthProvider
FNDA:2,bootstrap
FNDA:0,login
FNDA:0,signup
FNDA:0,logout
FNDA:0,refreshProfile
FNDA:0,updatePreferences
FNDA:0,updateProfile
FNDA:0,changePassword
FNDA:0,onClick
FNDA:2,useAuth
DA:1,1
DA:69,1
DA:70,1
DA:72,1
DA:73,1
DA:74,1
DA:75,1
DA:76,1
DA:77,1
DA:78,1
DA:79,1
DA:81,1
DA:82,1
DA:83,1
DA:84,1
DA:85,1
DA:86,1
DA:87,1
DA:88,1
DA:89,1
DA:90,1
DA:91,1
DA:92,1
DA:93,1
DA:94,1
DA:95,1
DA:96,1
DA:98,1
DA:99,4
DA:100,4
DA:101,4
DA:102,4
DA:103,2
DA:104,2
DA:105,2
DA:106,2
DA:107,0
DA:108,0
DA:109,0
DA:110,2
DA:112,4
DA:113,3
DA:114,2
DA:115,2
DA:116,2
DA:117,2
DA:118,2
DA:120,1
DA:121,1
DA:122,1
DA:123,4
DA:125,4
DA:126,2
DA:128,2
DA:129,2
DA:130,2
DA:131,2
DA:132,2
DA:133,2
DA:134,1
DA:135,1
DA:136,1
DA:137,1
DA:138,2
DA:139,2
DA:140,1
DA:141,2
DA:142,1
DA:143,1
DA:144,1
DA:145,1
DA:146,1
DA:147,1
DA:148,1
DA:149,1
DA:150,2
DA:151,0
DA:152,0
DA:153,0
DA:154,0
DA:155,0
DA:156,2
DA:157,2
DA:158,2
DA:159,2
DA:161,2
DA:162,2
DA:163,2
DA:164,2
DA:165,4
DA:167,4
DA:168,0
DA:169,0
DA:170,0
DA:171,0
DA:172,0
DA:173,0
DA:174,0
DA:175,0
DA:176,0
DA:177,0
DA:178,0
DA:179,0
DA:180,0
DA:182,4
DA:183,0
DA:184,0
DA:185,0
DA:186,0
DA:187,0
DA:188,0
DA:189,0
DA:190,0
DA:191,0
DA:192,0
DA:193,0
DA:194,0
DA:195,0
DA:196,0
DA:197,0
DA:198,0
DA:199,0
DA:201,4
DA:202,0
DA:203,0
DA:204,0
DA:206,4
DA:207,0
DA:208,0
DA:209,0
DA:210,0
DA:212,4
DA:213,0
DA:214,0
DA:216,0
DA:217,0
DA:218,0
DA:219,0
DA:220,0
DA:221,0
DA:222,0
DA:223,0
DA:224,0
DA:225,0
DA:226,0
DA:228,0
DA:229,0
DA:230,0
DA:232,4
DA:233,0
DA:234,0
DA:235,0
DA:237,0
DA:238,0
DA:239,0
DA:240,0
DA:241,0
DA:242,0
DA:243,0
DA:244,0
DA:245,0
DA:246,0
DA:247,0
DA:248,0
DA:249,0
DA:251,0
DA:252,0
DA:253,0
DA:254,0
DA:255,0
DA:257,0
DA:258,0
DA:259,0
DA:260,0
DA:262,4
DA:263,0
DA:264,0
DA:265,0
DA:267,0
DA:268,0
DA:269,0
DA:270,0
DA:271,0
DA:272,0
DA:273,0
DA:274,0
DA:275,0
DA:277,4
DA:278,4
DA:279,4
DA:280,4
DA:281,4
DA:282,4
DA:283,4
DA:284,4
DA:285,4
DA:286,4
DA:287,4
DA:288,4
DA:289,4
DA:290,4
DA:291,4
DA:292,4
DA:293,4
DA:294,4
DA:295,4
DA:297,4
DA:298,2
DA:301,4
DA:302,0
DA:303,0
DA:304,0
DA:307,0
DA:311,0
DA:314,4
DA:316,1
DA:317,2
DA:318,2
DA:319,2
DA:320,2
LF:220
LH:117
BRDA:81,0,0,1
BRDA:85,1,0,0
BRDA:85,2,0,0
BRDA:89,3,0,0
BRDA:93,4,0,0
BRDA:98,5,0,4
BRDA:290,6,0,2
BRDA:290,7,0,2
BRDA:291,8,0,2
BRDA:291,9,0,2
BRDA:292,10,0,2
BRDA:292,11,0,2
BRDA:293,12,0,2
BRDA:293,13,0,2
BRDA:294,14,0,2
BRDA:294,15,0,2
BRDA:297,16,0,2
BRDA:301,17,0,2
BRDA:301,18,0,0
BRDA:102,19,0,2
BRDA:105,20,0,0
BRDA:106,21,0,0
BRDA:112,22,0,3
BRDA:113,23,0,2
BRDA:118,24,0,1
BRDA:125,25,0,2
BRDA:128,26,0,2
BRDA:131,27,0,0
BRDA:133,28,0,1
BRDA:139,29,0,1
BRDA:141,30,0,1
BRDA:150,31,0,0
BRDA:162,32,0,2
BRDA:316,33,0,2
BRDA:318,34,0,0
BRF:35
BRH:25
end_of_record
TN:
SF:src/hooks/useCollections.ts
FN:32,normalizeCollection
FN:40,CollectionsProvider
FN:49,createCollection
FN:58,deleteCollection
FN:64,renameCollection
FN:79,addToCollection
FN:95,removeFromCollection
FN:111,getCollectionsForRecipe
FN:115,isInCollection
FN:138,useCollections
FNF:10
FNH:10
FNDA:5,normalizeCollection
FNDA:9,CollectionsProvider
FNDA:1,createCollection
FNDA:1,deleteCollection
FNDA:1,renameCollection
FNDA:1,addToCollection
FNDA:1,removeFromCollection
FNDA:1,getCollectionsForRecipe
FNDA:5,isInCollection
FNDA:13,useCollections
DA:1,1
DA:24,1
DA:32,5
DA:33,5
DA:34,5
DA:35,5
DA:36,5
DA:37,5
DA:38,5
DA:40,1
DA:41,9
DA:43,9
DA:44,2
DA:45,2
DA:46,2
DA:47,9
DA:49,9
DA:50,1
DA:51,1
DA:52,1
DA:53,1
DA:54,1
DA:55,1
DA:56,1
DA:58,9
DA:59,1
DA:60,1
DA:61,1
DA:62,1
DA:64,9
DA:65,1
DA:66,1
DA:67,1
DA:68,1
DA:69,1
DA:70,1
DA:71,1
DA:72,1
DA:73,1
DA:75,1
DA:76,1
DA:77,1
DA:79,9
DA:80,1
DA:81,1
DA:82,1
DA:83,1
DA:84,1
DA:85,1
DA:86,1
DA:87,1
DA:88,2
DA:91,1
DA:92,1
DA:93,1
DA:95,9
DA:96,1
DA:97,1
DA:98,1
DA:99,1
DA:100,1
DA:101,1
DA:102,1
DA:103,1
DA:104,2
DA:107,1
DA:108,1
DA:109,1
DA:111,9
DA:112,1
DA:113,1
DA:115,9
DA:116,5
DA:117,5
DA:118,5
DA:120,9
DA:121,9
DA:122,9
DA:123,9
DA:124,9
DA:125,9
DA:126,9
DA:127,9
DA:128,9
DA:129,9
DA:130,9
DA:131,9
DA:132,9
DA:133,9
DA:134,9
DA:136,9
DA:138,1
DA:139,13
DA:140,13
DA:141,9
DA:142,9
LF:96
LH:96
BRDA:32,0,0,5
BRDA:36,1,0,0
BRDA:36,2,0,5
BRDA:40,3,0,9
BRDA:43,4,0,2
BRDA:45,5,0,1
BRDA:46,6,0,1
BRDA:49,7,0,1
BRDA:54,8,0,1
BRDA:54,9,0,1
BRDA:58,10,0,1
BRDA:60,11,0,1
BRDA:60,12,0,1
BRDA:60,13,0,2
BRDA:64,14,0,1
BRDA:66,15,0,0
BRDA:65,16,0,1
BRDA:71,17,0,1
BRDA:72,18,0,1
BRDA:73,19,0,2
BRDA:73,20,0,1
BRDA:73,21,0,1
BRDA:79,22,0,1
BRDA:81,23,0,0
BRDA:80,24,0,1
BRDA:85,25,0,1
BRDA:86,26,0,1
BRDA:87,27,0,2
BRDA:88,28,0,1
BRDA:88,29,0,1
BRDA:95,30,0,1
BRDA:97,31,0,0
BRDA:96,32,0,1
BRDA:101,33,0,1
BRDA:102,34,0,1
BRDA:103,35,0,2
BRDA:104,36,0,1
BRDA:104,37,0,1
BRDA:111,38,0,1
BRDA:112,39,0,1
BRDA:115,40,0,5
BRDA:117,41,0,0
BRDA:116,42,0,5
BRDA:138,43,0,13
BRDA:140,44,0,4
BRDA:140,45,0,9
BRF:46
BRH:41
end_of_record
TN:
SF:src/hooks/useRecipes.tsx
FN:35,normalizeRecipe
FN:55,normalizeRecipes
FN:60,getRecipeCount
FN:65,getNextRecipesPath
FN:78,RecipesProvider
FN:193,addRecipe
FN:205,updateRecipe
FN:216,deleteRecipe
FN:223,exportRecipes
FN:234,importRecipes
FN:265,useRecipes
FNF:11
FNH:10
FNDA:30,normalizeRecipe
FNDA:3,normalizeRecipes
FNDA:3,getRecipeCount
FNDA:2,getNextRecipesPath
FNDA:12,RecipesProvider
FNDA:2,addRecipe
FNDA:1,updateRecipe
FNDA:1,deleteRecipe
FNDA:0,exportRecipes
FNDA:1,importRecipes
FNDA:16,useRecipes
DA:1,1
DA:7,1
DA:26,1
DA:35,30
DA:36,30
DA:37,30
DA:38,30
DA:39,30
DA:40,30
DA:41,30
DA:42,0
DA:43,0
DA:44,0
DA:45,0
DA:46,30
DA:47,0
DA:48,0
DA:49,0
DA:50,0
DA:51,0
DA:52,30
DA:53,30
DA:55,3
DA:56,3
DA:57,3
DA:58,3
DA:60,3
DA:61,3
DA:62,3
DA:63,3
DA:65,2
DA:66,2
DA:68,1
DA:69,1
DA:70,1
DA:71,2
DA:72,2
DA:73,2
DA:74,0
DA:75,0
DA:76,2
DA:78,1
DA:79,12
DA:80,12
DA:81,12
DA:82,12
DA:83,12
DA:85,12
DA:86,3
DA:87,3
DA:88,2
DA:89,2
DA:91,1
DA:92,1
DA:93,1
DA:94,1
DA:95,1
DA:96,1
DA:97,12
DA:99,12
DA:100,4
DA:101,3
DA:102,3
DA:103,3
DA:104,4
DA:105,4
DA:106,4
DA:107,12
DA:109,12
DA:110,3
DA:111,3
DA:112,3
DA:113,3
DA:114,3
DA:115,3
DA:117,3
DA:118,3
DA:119,2
DA:120,2
DA:121,2
DA:122,2
DA:124,2
DA:125,2
DA:126,2
DA:127,3
DA:128,3
DA:129,3
DA:130,12
DA:132,12
DA:133,1
DA:134,1
DA:135,1
DA:136,1
DA:137,1
DA:138,1
DA:139,0
DA:140,0
DA:141,1
DA:142,1
DA:143,1
DA:144,12
DA:146,12
DA:147,1
DA:149,1
DA:150,1
DA:151,1
DA:152,1
DA:153,1
DA:154,1
DA:155,1
DA:156,1
DA:157,1
DA:158,12
DA:160,12
DA:161,0
DA:163,0
DA:164,0
DA:165,0
DA:166,0
DA:167,0
DA:169,0
DA:170,0
DA:171,0
DA:172,0
DA:173,0
DA:174,0
DA:176,0
DA:177,0
DA:178,0
DA:179,0
DA:180,0
DA:181,0
DA:182,12
DA:184,12
DA:185,3
DA:186,1
DA:187,1
DA:188,1
DA:189,1
DA:190,1
DA:191,12
DA:193,12
DA:194,2
DA:195,2
DA:196,2
DA:197,2
DA:198,2
DA:200,2
DA:201,2
DA:202,2
DA:203,2
DA:205,12
DA:206,1
DA:207,1
DA:208,1
DA:209,1
DA:210,1
DA:212,1
DA:213,1
DA:214,1
DA:216,12
DA:217,1
DA:218,1
DA:219,1
DA:220,1
DA:221,1
DA:223,12
DA:224,0
DA:225,0
DA:226,0
DA:227,0
DA:228,0
DA:229,0
DA:230,0
DA:231,0
DA:232,0
DA:234,12
DA:235,1
DA:236,1
DA:237,1
DA:238,1
DA:239,1
DA:241,12
DA:242,12
DA:243,12
DA:244,12
DA:245,12
DA:246,12
DA:247,12
DA:248,12
DA:249,12
DA:250,12
DA:251,12
DA:252,12
DA:253,12
DA:254,12
DA:255,12
DA:256,12
DA:257,12
DA:258,12
DA:260,12
DA:263,12
DA:265,1
DA:266,16
DA:267,16
DA:268,12
DA:269,12
LF:207
LH:167
BRDA:35,0,0,30
BRDA:55,1,0,3
BRDA:56,2,0,1
BRDA:56,3,0,2
BRDA:56,4,0,0
BRDA:60,5,0,3
BRDA:61,6,0,1
BRDA:61,7,0,2
BRDA:62,8,0,0
BRDA:65,9,0,2
BRDA:66,10,0,1
BRDA:71,11,0,0
BRDA:73,12,0,0
BRDA:78,13,0,12
BRDA:85,14,0,3
BRDA:86,15,0,3
BRDA:87,16,0,2
BRDA:89,17,0,1
BRDA:91,18,0,25
BRDA:92,19,0,1
BRDA:99,20,0,4
BRDA:100,21,0,3
BRDA:104,22,0,1
BRDA:104,23,0,2
BRDA:109,24,0,3
BRDA:117,25,0,4
BRDA:118,26,0,2
BRDA:132,27,0,1
BRDA:135,28,0,1
BRDA:138,29,0,0
BRDA:142,30,0,1
BRDA:146,31,0,1
BRDA:147,32,0,0
BRDA:184,33,0,3
BRDA:185,34,0,1
BRDA:193,35,0,2
BRDA:200,36,0,2
BRDA:201,37,0,2
BRDA:205,38,0,1
BRDA:212,39,0,1
BRDA:212,40,0,27
BRDA:212,41,0,2
BRDA:212,42,0,25
BRDA:216,43,0,1
BRDA:218,44,0,1
BRDA:218,45,0,27
BRDA:219,46,0,1
BRDA:234,47,0,1
BRDA:265,48,0,16
BRDA:267,49,0,4
BRDA:267,50,0,12
BRF:51
BRH:45
end_of_record
TN:
SF:src/hooks/useSavedMealPlans.ts
FN:30,readFromStorage
FN:39,writeToStorage
FN:43,useSavedMealPlans
FNF:3
FNH:3
FNDA:1,readFromStorage
FNDA:4,writeToStorage
FNDA:4,useSavedMealPlans
DA:1,1
DA:28,1
DA:30,1
DA:31,1
DA:32,1
DA:33,1
DA:34,1
DA:35,0
DA:36,0
DA:37,1
DA:39,4
DA:40,4
DA:41,4
DA:43,1
DA:44,4
DA:46,4
DA:47,4
DA:48,4
DA:50,4
DA:51,1
DA:52,1
DA:53,1
DA:54,1
DA:55,1
DA:56,1
DA:57,1
DA:58,4
DA:60,4
DA:61,1
DA:62,4
DA:64,4
DA:65,1
DA:66,1
DA:68,4
DA:70,4
DA:71,4
LF:36
LH:34
BRDA:30,0,0,1
BRDA:33,1,0,0
BRDA:34,2,0,0
BRDA:39,3,0,4
BRDA:43,4,0,4
BRDA:46,5,0,4
BRDA:50,6,0,1
BRDA:56,7,0,1
BRDA:60,8,0,1
BRDA:61,9,0,1
BRDA:61,10,0,1
BRDA:64,11,0,1
BRDA:65,12,0,1
BRDA:66,13,0,1
BRDA:66,14,0,0
BRF:15
BRH:12
end_of_record
TN:
SF:src/hooks/useSettings.tsx
FN:25,SettingsProvider
FN:36,updateSettings
FN:47,useSettings
FNF:3
FNH:3
FNDA:2,SettingsProvider
FNDA:1,updateSettings
FNDA:2,useSettings
DA:1,1
DA:16,1
DA:18,1
DA:19,1
DA:20,1
DA:21,1
DA:22,1
DA:23,1
DA:25,1
DA:26,2
DA:27,1
DA:28,1
DA:29,1
DA:31,2
DA:32,2
DA:33,2
DA:34,2
DA:36,2
DA:37,1
DA:38,1
DA:40,2
DA:41,2
DA:42,2
DA:45,2
DA:47,1
DA:48,2
DA:49,2
DA:50,2
DA:51,2
LF:29
LH:29
BRDA:25,0,0,2
BRDA:26,1,0,1
BRDA:28,2,0,0
BRDA:31,3,0,2
BRDA:36,4,0,1
BRDA:37,5,0,1
BRDA:47,6,0,2
BRDA:49,7,0,0
BRF:8
BRH:6
end_of_record
TN:
SF:src/hooks/useSocial.tsx
FN:26,SocialProvider
FN:168,useSocial
FNF:2
FNH:2
FNDA:2,SocialProvider
FNDA:6,useSocial
DA:1,1
DA:24,1
DA:26,1
DA:27,2
DA:28,2
DA:30,2
DA:31,2
DA:32,2
DA:35,2
DA:36,2
DA:37,2
DA:38,2
DA:39,2
DA:40,2
DA:42,2
DA:44,2
DA:45,2
DA:46,2
DA:47,4
DA:48,4
DA:49,4
DA:51,2
DA:53,2
DA:54,2
DA:55,2
DA:56,1
DA:57,1
DA:58,1
DA:59,1
DA:60,2
DA:61,2
DA:62,1
DA:63,1
DA:64,2
DA:67,2
DA:69,2
DA:70,2
DA:71,2
DA:72,1
DA:73,1
DA:74,1
DA:75,1
DA:76,1
DA:77,1
DA:78,1
DA:79,1
DA:80,2
DA:83,2
DA:84,2
DA:85,3
DA:86,3
DA:87,3
DA:88,2
DA:89,2
DA:90,2
DA:91,2
DA:94,2
DA:95,2
DA:96,2
DA:99,2
DA:100,2
DA:101,2
DA:102,1
DA:103,1
DA:104,2
DA:105,1
DA:106,1
DA:107,1
DA:108,1
DA:109,1
DA:110,1
DA:111,2
DA:114,2
DA:115,2
DA:116,1
DA:117,1
DA:118,1
DA:119,1
DA:120,1
DA:121,2
DA:124,2
DA:125,2
DA:126,2
DA:127,2
DA:128,2
DA:129,2
DA:132,2
DA:133,2
DA:134,1
DA:135,1
DA:136,1
DA:137,1
DA:138,1
DA:139,1
DA:140,1
DA:141,1
DA:142,1
DA:143,2
DA:146,2
DA:147,2
DA:148,2
DA:149,2
DA:150,2
DA:151,2
DA:152,2
DA:153,2
DA:154,2
DA:155,2
DA:156,2
DA:157,2
DA:158,2
DA:159,2
DA:160,2
DA:161,2
DA:163,2
DA:166,2
DA:168,1
DA:169,6
DA:170,6
DA:171,2
DA:172,2
LF:121
LH:121
BRDA:26,0,0,2
BRDA:32,1,0,1
BRDA:31,2,0,2
BRDA:31,3,0,1
BRDA:31,4,0,1
BRDA:31,5,0,1
BRDA:35,6,0,2
BRDA:36,7,0,2
BRDA:37,8,0,0
BRDA:37,9,0,2
BRDA:39,10,0,0
BRDA:44,11,0,2
BRDA:45,12,0,2
BRDA:46,13,0,0
BRDA:46,14,0,4
BRDA:48,15,0,0
BRDA:54,16,0,2
BRDA:55,17,0,1
BRDA:55,18,0,1
BRDA:60,19,0,0
BRDA:61,20,0,1
BRDA:67,21,0,1
BRDA:70,22,0,2
BRDA:71,23,0,1
BRDA:71,24,0,1
BRDA:84,25,0,3
BRDA:86,26,0,2
BRDA:86,27,0,1
BRDA:87,28,0,1
BRDA:87,29,0,2
BRDA:85,30,0,3
BRDA:88,31,0,2
BRDA:95,32,0,2
BRDA:95,33,0,2
BRDA:100,34,0,2
BRDA:101,35,0,1
BRDA:101,36,0,1
BRDA:104,37,0,0
BRDA:104,38,0,1
BRDA:115,39,0,1
BRDA:117,40,0,0
BRDA:116,41,0,1
BRDA:125,42,0,2
BRDA:127,43,0,4
BRDA:128,44,0,2
BRDA:133,45,0,1
BRDA:168,46,0,6
BRDA:170,47,0,4
BRDA:170,48,0,2
BRF:49
BRH:42
end_of_record
TN:
SF:src/lib/api.ts
FN:19,getAccessToken
FN:23,getRefreshToken
FN:27,setTokens
FN:34,clearTokens
FN:39,refreshAccessToken
FN:64,parseError
FN:82,apiRequest
FN:120,apiDownload
FN:150,getApiErrorMessage
FNF:9
FNH:6
FNDA:4,getAccessToken
FNDA:1,getRefreshToken
FNDA:0,setTokens
FNDA:2,clearTokens
FNDA:1,refreshAccessToken
FNDA:1,parseError
FNDA:4,apiRequest
FNDA:0,apiDownload
FNDA:0,getApiErrorMessage
DA:1,1
DA:3,1
DA:4,1
DA:6,1
DA:19,1
DA:20,4
DA:21,4
DA:23,1
DA:24,1
DA:25,1
DA:27,1
DA:28,0
DA:29,0
DA:30,0
DA:31,0
DA:32,0
DA:34,1
DA:35,2
DA:36,2
DA:37,2
DA:39,1
DA:40,1
DA:41,1
DA:43,0
DA:44,0
DA:45,0
DA:46,0
DA:47,0
DA:49,0
DA:50,0
DA:51,0
DA:52,0
DA:54,0
DA:55,0
DA:56,0
DA:57,0
DA:58,0
DA:60,0
DA:61,0
DA:62,0
DA:64,1
DA:65,1
DA:66,1
DA:67,1
DA:68,1
DA:69,0
DA:70,0
DA:72,1
DA:73,0
DA:74,0
DA:76,1
DA:77,1
DA:78,1
DA:79,1
DA:80,1
DA:82,1
DA:83,4
DA:84,4
DA:85,4
DA:87,4
DA:88,4
DA:89,4
DA:90,4
DA:92,4
DA:93,4
DA:94,1
DA:95,1
DA:97,4
DA:98,4
DA:99,4
DA:100,4
DA:102,4
DA:103,1
DA:104,1
DA:105,0
DA:106,0
DA:107,1
DA:109,4
DA:110,1
DA:111,1
DA:113,4
DA:114,0
DA:115,0
DA:117,3
DA:118,3
DA:120,1
DA:121,0
DA:122,0
DA:123,0
DA:125,0
DA:126,0
DA:127,0
DA:128,0
DA:129,0
DA:131,0
DA:132,0
DA:133,0
DA:134,0
DA:136,0
DA:137,0
DA:138,0
DA:139,0
DA:140,0
DA:141,0
DA:143,0
DA:144,0
DA:145,0
DA:147,0
DA:148,0
DA:150,1
DA:151,0
DA:152,0
DA:153,0
DA:154,0
DA:155,0
DA:156,0
DA:157,0
DA:158,0
LF:118
LH:57
BRDA:19,0,0,4
BRDA:23,1,0,1
BRDA:34,2,0,2
BRDA:39,3,0,1
BRDA:41,4,0,0
BRDA:64,5,0,1
BRDA:68,6,0,0
BRDA:72,7,0,0
BRDA:78,8,0,0
BRDA:82,9,0,4
BRDA:93,10,0,1
BRDA:102,11,0,1
BRDA:102,12,0,1
BRDA:104,13,0,0
BRDA:109,14,0,1
BRDA:111,15,0,3
BRDA:113,16,0,0
BRDA:115,17,0,3
BRF:18
BRH:12
end_of_record
TN:
SF:src/lib/colorSchemes.ts
FN:110,getSchemeById
FN:114,applyColorScheme
FNF:2
FNH:2
FNDA:3,getSchemeById
FNDA:3,applyColorScheme
DA:1,1
DA:3,1
DA:4,1
DA:21,1
DA:22,1
DA:23,1
DA:24,1
DA:25,1
DA:26,1
DA:27,1
DA:28,1
DA:29,1
DA:30,1
DA:31,1
DA:32,1
DA:33,1
DA:34,1
DA:35,1
DA:36,1
DA:37,1
DA:38,1
DA:39,1
DA:40,1
DA:41,1
DA:42,1
DA:43,1
DA:44,1
DA:45,1
DA:46,1
DA:47,1
DA:48,1
DA:49,1
DA:50,1
DA:51,1
DA:52,1
DA:53,1
DA:54,1
DA:55,1
DA:56,1
DA:57,1
DA:58,1
DA:59,1
DA:60,1
DA:61,1
DA:62,1
DA:63,1
DA:64,1
DA:65,1
DA:66,1
DA:67,1
DA:68,1
DA:69,1
DA:70,1
DA:71,1
DA:72,1
DA:73,1
DA:74,1
DA:75,1
DA:76,1
DA:77,1
DA:78,1
DA:79,1
DA:80,1
DA:81,1
DA:82,1
DA:83,1
DA:84,1
DA:85,1
DA:86,1
DA:87,1
DA:88,1
DA:89,1
DA:90,1
DA:91,1
DA:92,1
DA:93,1
DA:94,1
DA:95,1
DA:96,1
DA:97,1
DA:98,1
DA:99,1
DA:100,1
DA:101,1
DA:102,1
DA:103,1
DA:104,1
DA:105,1
DA:106,1
DA:108,1
DA:110,1
DA:111,3
DA:112,3
DA:114,1
DA:115,3
DA:116,3
DA:118,3
DA:119,3
DA:120,3
DA:121,3
DA:122,3
DA:123,3
DA:124,3
LF:103
LH:103
BRDA:110,0,0,3
BRDA:111,1,0,0
BRDA:111,2,0,3
BRDA:114,3,0,3
BRDA:116,4,0,0
BRF:5
BRH:3
end_of_record
TN:
SF:src/lib/ingredientMatcher.ts
FN:8,matchIngredientsForStep
FNF:1
FNH:1
FNDA:2,matchIngredientsForStep
DA:3,1
DA:7,1
DA:8,1
DA:9,2
DA:10,2
DA:11,2
DA:13,2
DA:14,0
DA:15,0
DA:17,2
DA:18,2
DA:20,2
DA:21,4
DA:22,4
DA:24,4
DA:25,4
DA:26,0
DA:27,0
DA:28,0
DA:30,4
DA:31,4
DA:32,4
DA:33,4
DA:34,8
DA:35,8
DA:36,8
DA:37,8
DA:38,8
DA:39,8
DA:41,8
DA:42,0
DA:43,0
DA:44,0
DA:45,8
DA:46,4
DA:48,2
DA:49,2
LF:37
LH:29
BRDA:8,0,0,2
BRDA:13,1,0,0
BRDA:13,2,0,0
BRDA:20,3,0,4
BRDA:22,4,0,0
BRDA:25,5,0,0
BRDA:33,6,0,8
BRDA:39,7,0,4
BRDA:41,8,0,0
BRDA:31,9,0,8
BRF:10
BRH:5
end_of_record
TN:
SF:src/lib/utils.ts
FN:4,cn
FNF:1
FNH:1
FNDA:3449,cn
DA:1,1
DA:4,1
DA:5,3449
DA:6,3449
LF:4
LH:4
BRDA:4,0,0,3449
BRF:1
BRH:1
end_of_record
TN:
SF:src/pages/AddRecipe.tsx
FN:61,getImportProgressValue
FN:80,getImportStageDescription
FN:135,formatImportStageLabel
FN:140,getImportStepState
FN:161,splitImportedInstructions
FN:179,isLikelySourceUrl
FN:185,deriveOrigin
FN:202,isValidWebsiteUrl
FN:211,AddRecipe
FN:250,addTag
FN:257,removeTag
FN:261,addIngredient
FN:265,updateIngredient
FN:271,removeIngredient
FN:275,addStep
FN:279,handleImageUpload
FN:295,getVideoEmbed
FN:312,applyImportedRecipe
FN:349,upsertRecentImportJob
FN:356,loadImportHistory
FN:368,startImportFromRequest
FN:423,startImportFromLink
FN:432,handleRetryImportJob
FN:454,handleLoadImportJob
FN:519,handleSubmit
FN:589,onChange
FN:600,onChange
FN:614,onChange
FN:624,onChange
FN:634,onChange
FN:656,onClick
FN:664,onChange
FN:681,onClick
FN:697,onChange
FN:698,onKeyDown
FN:746,onChange
FN:752,onChange
FN:758,onChange
FN:767,onClick
FN:799,onCheckedChange
FN:806,onCheckedChange
FN:820,onToggle
FN:836,onToggle
FN:850,onClick
FN:885,onChange
FN:909,onCheckedChange
FN:917,onClick
FN:927,onClick
FN:982,onClick
FN:992,onClick
FN:1015,onClick
FN:1042,onClick
FN:1051,onClick
FNF:53
FNH:20
FNDA:4,getImportProgressValue
FNDA:13,getImportStageDescription
FNDA:9,formatImportStageLabel
FNDA:16,getImportStepState
FNDA:1,splitImportedInstructions
FNDA:1,isLikelySourceUrl
FNDA:0,deriveOrigin
FNDA:75,isValidWebsiteUrl
FNDA:75,AddRecipe
FNDA:0,addTag
FNDA:0,removeTag
FNDA:0,addIngredient
FNDA:0,updateIngredient
FNDA:0,removeIngredient
FNDA:0,addStep
FNDA:0,handleImageUpload
FNDA:63,getVideoEmbed
FNDA:1,applyImportedRecipe
FNDA:2,upsertRecentImportJob
FNDA:3,loadImportHistory
FNDA:2,startImportFromRequest
FNDA:1,startImportFromLink
FNDA:1,handleRetryImportJob
FNDA:1,handleLoadImportJob
FNDA:0,handleSubmit
FNDA:0,onChange
FNDA:0,onChange
FNDA:0,onChange
FNDA:0,onChange
FNDA:0,onChange
FNDA:0,onClick
FNDA:0,onChange
FNDA:0,onClick
FNDA:0,onChange
FNDA:0,onKeyDown
FNDA:0,onChange
FNDA:0,onChange
FNDA:0,onChange
FNDA:0,onClick
FNDA:0,onCheckedChange
FNDA:0,onCheckedChange
FNDA:0,onToggle
FNDA:0,onToggle
FNDA:0,onClick
FNDA:57,onChange
FNDA:0,onCheckedChange
FNDA:1,onClick
FNDA:0,onClick
FNDA:0,onClick
FNDA:0,onClick
FNDA:0,onClick
FNDA:1,onClick
FNDA:1,onClick
DA:1,1
DA:52,1
DA:53,1
DA:54,1
DA:55,1
DA:56,1
DA:57,1
DA:61,4
DA:62,4
DA:63,4
DA:64,3
DA:65,4
DA:66,0
DA:67,4
DA:68,0
DA:69,4
DA:70,0
DA:71,4
DA:72,1
DA:73,4
DA:74,0
DA:75,4
DA:76,0
DA:77,4
DA:78,4
DA:80,13
DA:81,13
DA:82,4
DA:83,4
DA:85,13
DA:86,4
DA:87,4
DA:88,4
DA:89,4
DA:90,0
DA:91,4
DA:92,0
DA:93,4
DA:94,0
DA:95,4
DA:96,0
DA:97,4
DA:98,4
DA:100,13
DA:101,2
DA:102,2
DA:103,2
DA:104,2
DA:105,0
DA:106,2
DA:107,0
DA:108,2
DA:109,0
DA:110,2
DA:111,0
DA:112,2
DA:113,0
DA:114,2
DA:115,2
DA:117,3
DA:118,13
DA:119,0
DA:120,13
DA:121,0
DA:122,13
DA:123,0
DA:124,13
DA:125,0
DA:126,13
DA:127,3
DA:128,13
DA:129,0
DA:130,13
DA:131,0
DA:132,13
DA:133,13
DA:135,9
DA:136,9
DA:137,9
DA:138,9
DA:140,16
DA:141,16
DA:142,16
DA:143,16
DA:144,16
DA:146,16
DA:147,12
DA:148,12
DA:150,16
DA:151,3
DA:152,3
DA:154,1
DA:155,1
DA:156,1
DA:158,0
DA:159,0
DA:161,1
DA:162,1
DA:164,1
DA:165,1
DA:166,1
DA:167,1
DA:169,1
DA:170,0
DA:171,0
DA:173,1
DA:174,2
DA:175,2
DA:176,2
DA:177,1
DA:179,1
DA:180,1
DA:181,1
DA:182,1
DA:183,1
DA:185,0
DA:186,0
DA:187,0
DA:188,0
DA:190,0
DA:191,0
DA:192,0
DA:193,0
DA:194,0
DA:195,0
DA:196,0
DA:197,0
DA:199,0
DA:200,0
DA:202,75
DA:203,75
DA:204,75
DA:205,75
DA:206,75
DA:207,21
DA:208,21
DA:209,75
DA:211,1
DA:212,75
DA:213,75
DA:215,75
DA:216,75
DA:217,75
DA:218,75
DA:219,75
DA:220,75
DA:221,75
DA:222,75
DA:223,75
DA:224,75
DA:225,75
DA:226,75
DA:227,75
DA:228,75
DA:229,75
DA:230,75
DA:231,75
DA:232,75
DA:233,75
DA:234,75
DA:235,75
DA:236,75
DA:237,75
DA:238,75
DA:239,75
DA:240,75
DA:242,75
DA:243,3
DA:244,75
DA:246,75
DA:247,75
DA:248,75
DA:250,75
DA:251,0
DA:252,0
DA:253,0
DA:254,0
DA:255,0
DA:257,75
DA:258,0
DA:259,0
DA:261,75
DA:262,0
DA:263,0
DA:265,75
DA:266,0
DA:267,0
DA:268,0
DA:269,0
DA:271,75
DA:272,0
DA:273,0
DA:275,75
DA:276,0
DA:277,0
DA:279,75
DA:280,0
DA:281,0
DA:283,0
DA:284,0
DA:285,0
DA:286,0
DA:288,0
DA:289,0
DA:290,0
DA:291,0
DA:292,0
DA:293,0
DA:295,75
DA:296,63
DA:297,63
DA:298,63
DA:299,2
DA:300,2
DA:301,61
DA:302,63
DA:303,1
DA:304,1
DA:305,60
DA:306,63
DA:307,0
DA:308,0
DA:309,60
DA:310,60
DA:312,75
DA:313,1
DA:314,1
DA:316,1
DA:317,0
DA:318,0
DA:319,0
DA:320,0
DA:321,0
DA:322,0
DA:324,1
DA:325,1
DA:327,1
DA:328,1
DA:329,1
DA:331,1
DA:332,1
DA:333,1
DA:335,1
DA:336,1
DA:337,1
DA:338,1
DA:339,1
DA:340,1
DA:342,1
DA:343,1
DA:344,1
DA:346,1
DA:347,1
DA:349,75
DA:350,2
DA:351,2
DA:352,2
DA:353,2
DA:354,2
DA:356,75
DA:357,3
DA:358,3
DA:359,3
DA:360,3
DA:361,3
DA:362,0
DA:363,3
DA:364,3
DA:365,3
DA:366,3
DA:368,75
DA:369,2
DA:370,2
DA:377,2
DA:378,2
DA:379,0
DA:380,0
DA:381,0
DA:383,2
DA:384,1
DA:385,1
DA:386,1
DA:387,1
DA:388,2
DA:389,2
DA:390,2
DA:391,2
DA:392,2
DA:393,2
DA:394,2
DA:395,2
DA:396,2
DA:397,2
DA:398,2
DA:399,2
DA:400,2
DA:401,2
DA:402,2
DA:403,2
DA:404,2
DA:405,2
DA:406,2
DA:407,0
DA:408,1
DA:409,2
DA:410,2
DA:411,2
DA:412,0
DA:413,0
DA:414,0
DA:415,0
DA:416,0
DA:417,2
DA:418,2
DA:419,2
DA:420,2
DA:421,2
DA:423,75
DA:424,1
DA:425,1
DA:426,1
DA:427,1
DA:428,1
DA:429,1
DA:430,1
DA:432,75
DA:433,1
DA:434,1
DA:435,1
DA:436,1
DA:437,1
DA:438,1
DA:439,1
DA:440,1
DA:441,1
DA:442,1
DA:443,1
DA:444,1
DA:445,0
DA:446,1
DA:447,1
DA:449,1
DA:450,1
DA:451,1
DA:452,1
DA:454,75
DA:455,1
DA:456,1
DA:457,1
DA:458,1
DA:460,1
DA:461,1
DA:462,1
DA:463,1
DA:464,1
DA:465,0
DA:466,1
DA:467,1
DA:468,1
DA:469,1
DA:471,75
DA:472,6
DA:473,3
DA:474,75
DA:476,75
DA:477,6
DA:478,4
DA:479,4
DA:481,2
DA:482,0
DA:483,0
DA:484,0
DA:485,0
DA:487,0
DA:488,0
DA:489,0
DA:490,0
DA:491,0
DA:492,0
DA:493,0
DA:494,0
DA:495,0
DA:496,0
DA:497,0
DA:498,0
DA:499,0
DA:500,0
DA:501,0
DA:502,0
DA:503,0
DA:504,0
DA:505,0
DA:506,0
DA:507,0
DA:508,0
DA:509,0
DA:510,0
DA:511,0
DA:512,0
DA:513,0
DA:514,2
DA:516,2
DA:517,75
DA:519,75
DA:520,0
DA:521,0
DA:522,0
DA:523,0
DA:525,0
DA:526,0
DA:527,0
DA:529,0
DA:530,0
DA:531,0
DA:532,0
DA:534,0
DA:535,0
DA:536,0
DA:537,0
DA:539,0
DA:540,0
DA:541,0
DA:542,0
DA:543,0
DA:544,0
DA:545,0
DA:546,0
DA:547,0
DA:548,0
DA:549,0
DA:550,0
DA:551,0
DA:552,0
DA:553,0
DA:554,0
DA:555,0
DA:556,0
DA:557,0
DA:558,0
DA:559,0
DA:560,0
DA:561,0
DA:562,0
DA:563,0
DA:564,0
DA:565,0
DA:567,0
DA:568,0
DA:569,0
DA:571,75
DA:572,75
DA:573,75
DA:574,75
DA:576,75
DA:577,75
DA:579,75
DA:580,75
DA:582,75
DA:583,75
DA:584,75
DA:586,75
DA:587,75
DA:588,75
DA:589,75
DA:590,75
DA:595,75
DA:596,75
DA:597,75
DA:598,75
DA:599,75
DA:600,75
DA:601,75
DA:602,75
DA:607,75
DA:608,75
DA:609,75
DA:610,75
DA:611,75
DA:612,75
DA:613,75
DA:614,75
DA:615,75
DA:618,75
DA:619,75
DA:620,75
DA:621,75
DA:622,75
DA:623,75
DA:624,75
DA:625,75
DA:628,75
DA:629,75
DA:630,75
DA:631,75
DA:632,75
DA:633,75
DA:634,75
DA:635,75
DA:641,75
DA:642,75
DA:643,75
DA:644,75
DA:645,75
DA:646,75
DA:647,75
DA:648,75
DA:649,75
DA:650,75
DA:652,75
DA:653,75
DA:654,75
DA:655,75
DA:656,75
DA:658,75
DA:661,75
DA:662,75
DA:663,75
DA:664,75
DA:665,75
DA:666,75
DA:669,75
DA:670,75
DA:671,75
DA:672,75
DA:673,75
DA:674,75
DA:676,75
DA:677,75
DA:678,75
DA:679,75
DA:680,75
DA:681,75
DA:683,75
DA:691,75
DA:692,75
DA:693,75
DA:694,75
DA:695,75
DA:696,75
DA:697,75
DA:698,75
DA:699,0
DA:700,0
DA:701,0
DA:702,0
DA:703,0
DA:704,75
DA:706,75
DA:710,75
DA:711,75
DA:712,75
DA:713,75
DA:714,75
DA:715,75
DA:716,75
DA:717,75
DA:718,75
DA:720,75
DA:729,75
DA:730,75
DA:731,75
DA:732,75
DA:734,75
DA:735,75
DA:739,75
DA:740,75
DA:741,75
DA:742,75
DA:743,75
DA:744,75
DA:745,75
DA:746,75
DA:747,75
DA:749,75
DA:750,75
DA:751,75
DA:752,75
DA:753,75
DA:755,75
DA:756,75
DA:757,75
DA:758,75
DA:759,75
DA:762,75
DA:763,75
DA:764,75
DA:765,75
DA:766,75
DA:767,75
DA:768,75
DA:770,75
DA:779,75
DA:780,75
DA:781,75
DA:782,75
DA:784,75
DA:785,75
DA:789,75
DA:793,75
DA:794,75
DA:795,75
DA:796,75
DA:797,75
DA:799,75
DA:801,75
DA:802,75
DA:803,75
DA:804,75
DA:806,75
DA:811,75
DA:812,75
DA:813,75
DA:814,75
DA:815,75
DA:816,75
DA:817,75
DA:818,75
DA:819,75
DA:820,75
DA:821,75
DA:827,75
DA:828,75
DA:829,75
DA:830,75
DA:831,75
DA:832,75
DA:833,75
DA:834,75
DA:835,75
DA:836,75
DA:837,75
DA:844,75
DA:845,75
DA:847,75
DA:848,75
DA:849,75
DA:850,75
DA:851,75
DA:853,75
DA:859,75
DA:860,75
DA:861,75
DA:862,75
DA:863,75
DA:867,75
DA:868,75
DA:872,75
DA:874,75
DA:875,75
DA:876,75
DA:877,75
DA:878,75
DA:881,75
DA:882,75
DA:883,75
DA:884,75
DA:885,75
DA:886,57
DA:887,57
DA:888,57
DA:889,75
DA:891,75
DA:896,75
DA:897,75
DA:898,75
DA:899,75
DA:902,75
DA:906,75
DA:907,75
DA:908,75
DA:909,75
DA:914,75
DA:915,75
DA:916,75
DA:917,75
DA:918,75
DA:920,75
DA:923,75
DA:924,75
DA:925,75
DA:926,75
DA:927,75
DA:928,75
DA:930,75
DA:934,75
DA:935,75
DA:941,75
DA:942,75
DA:943,75
DA:944,75
DA:945,75
DA:948,75
DA:949,75
DA:952,75
DA:953,75
DA:957,75
DA:959,75
DA:960,75
DA:961,16
DA:962,16
DA:963,16
DA:964,16
DA:965,16
DA:967,16
DA:968,16
DA:970,16
DA:971,16
DA:972,16
DA:973,16
DA:977,16
DA:980,75
DA:981,75
DA:982,75
DA:983,75
DA:987,75
DA:988,75
DA:989,75
DA:990,75
DA:991,75
DA:992,75
DA:993,75
DA:995,75
DA:996,75
DA:1004,75
DA:1005,75
DA:1006,75
DA:1007,75
DA:1008,75
DA:1011,75
DA:1015,75
DA:1016,75
DA:1021,75
DA:1022,7
DA:1023,7
DA:1024,7
DA:1025,7
DA:1026,7
DA:1027,7
DA:1028,7
DA:1029,7
DA:1030,7
DA:1032,7
DA:1034,7
DA:1035,7
DA:1036,7
DA:1041,7
DA:1042,7
DA:1043,7
DA:1044,7
DA:1046,7
DA:1047,7
DA:1048,7
DA:1049,7
DA:1050,7
DA:1051,7
DA:1052,7
DA:1054,7
DA:1055,7
DA:1064,75
DA:1065,75
DA:1070,75
DA:1071,75
DA:1072,75
DA:1073,75
DA:1074,75
DA:1075,75
DA:1076,75
DA:1077,75
DA:1078,75
DA:1084,75
DA:1085,75
DA:1086,75
DA:1087,75
DA:1088,75
DA:1089,75
DA:1090,75
DA:1091,75
DA:1096,75
DA:1097,75
DA:1098,75
DA:1099,75
DA:1100,75
DA:1101,75
DA:1102,75
DA:1103,75
DA:1104,75
DA:1105,75
DA:1110,75
DA:1111,75
DA:1112,75
DA:1113,75
DA:1114,75
DA:1115,75
DA:1116,75
DA:1117,75
DA:1118,75
DA:1119,75
DA:1124,75
DA:1125,75
DA:1126,75
DA:1127,75
DA:1128,75
DA:1129,75
DA:1130,75
DA:1131,75
DA:1133,75
DA:1141,75
DA:1147,75
DA:1148,75
DA:1149,75
DA:1156,75
LF:811
LH:643
BRDA:61,0,0,4
BRDA:63,1,0,3
BRDA:65,2,0,0
BRDA:67,3,0,0
BRDA:69,4,0,0
BRDA:71,5,0,1
BRDA:73,6,0,0
BRDA:75,7,0,0
BRDA:80,8,0,13
BRDA:81,9,0,4
BRDA:82,10,0,0
BRDA:83,11,0,9
BRDA:85,12,0,4
BRDA:89,13,0,0
BRDA:91,14,0,0
BRDA:93,15,0,0
BRDA:95,16,0,0
BRDA:98,17,0,5
BRDA:100,18,0,2
BRDA:104,19,0,0
BRDA:106,20,0,0
BRDA:108,21,0,0
BRDA:110,22,0,0
BRDA:112,23,0,0
BRDA:115,24,0,3
BRDA:118,25,0,0
BRDA:120,26,0,0
BRDA:122,27,0,0
BRDA:124,28,0,0
BRDA:126,29,0,3
BRDA:128,30,0,0
BRDA:130,31,0,0
BRDA:135,32,0,9
BRDA:137,33,0,0
BRDA:140,34,0,16
BRDA:142,35,0,4
BRDA:142,36,0,12
BRDA:142,37,0,4
BRDA:146,38,0,12
BRDA:147,39,0,3
BRDA:147,40,0,9
BRDA:148,41,0,4
BRDA:150,42,0,3
BRDA:152,43,0,1
BRDA:156,44,0,0
BRDA:161,45,0,1
BRDA:162,46,0,0
BRDA:169,47,0,0
BRDA:166,48,0,2
BRDA:173,49,0,2
BRDA:179,50,0,1
BRDA:180,51,0,0
BRDA:202,52,0,75
BRDA:205,53,0,54
BRDA:205,54,0,54
BRDA:206,55,0,21
BRDA:211,56,0,75
BRDA:571,57,0,62
BRDA:571,58,0,13
BRDA:572,59,0,4
BRDA:572,60,0,72
BRDA:572,61,0,1
BRDA:918,62,0,74
BRDA:918,63,0,73
BRDA:918,64,0,70
BRDA:920,65,0,74
BRDA:920,66,0,4
BRDA:928,67,0,1
BRDA:930,68,0,2
BRDA:934,69,0,21
BRDA:952,70,0,0
BRDA:1021,71,0,7
BRDA:1065,72,0,3
BRDA:1065,73,0,65
BRDA:1084,74,0,3
BRDA:1096,75,0,3
BRDA:1110,76,0,3
BRDA:1124,77,0,62
BRDA:242,78,0,3
BRDA:295,79,0,63
BRDA:298,80,0,2
BRDA:300,81,0,61
BRDA:302,82,0,1
BRDA:304,83,0,60
BRDA:306,84,0,0
BRDA:308,85,0,60
BRDA:312,86,0,1
BRDA:314,87,0,0
BRDA:316,88,0,0
BRDA:325,89,0,0
BRDA:335,90,0,0
BRDA:336,91,0,1
BRDA:337,92,0,0
BRDA:338,93,0,0
BRDA:340,94,0,1
BRDA:349,95,0,2
BRDA:350,96,0,2
BRDA:351,97,0,1
BRDA:356,98,0,3
BRDA:361,99,0,0
BRDA:368,100,0,2
BRDA:378,101,0,0
BRDA:383,102,0,1
BRDA:390,103,0,0
BRDA:405,104,0,1
BRDA:405,105,0,1
BRDA:405,106,0,0
BRDA:406,107,0,1
BRDA:406,108,0,1
BRDA:407,109,0,0
BRDA:410,110,0,1
BRDA:410,111,0,0
BRDA:411,112,0,0
BRDA:423,113,0,1
BRDA:428,114,0,0
BRDA:432,115,0,1
BRDA:442,116,0,0
BRDA:444,117,0,0
BRDA:454,118,0,1
BRDA:463,119,0,0
BRDA:465,120,0,0
BRDA:471,121,0,6
BRDA:472,122,0,3
BRDA:476,123,0,6
BRDA:477,124,0,3
BRDA:477,125,0,2
BRDA:477,126,0,4
BRDA:479,127,0,2
BRDA:516,128,0,2
BRDA:663,129,0,0
BRDA:745,130,0,148
BRDA:885,131,0,57
BRDA:917,132,0,1
BRDA:960,133,0,16
BRDA:971,134,0,3
BRDA:972,135,0,4
BRDA:972,136,0,0
BRDA:973,137,0,9
BRDA:1029,138,0,4
BRDA:1029,139,0,5
BRDA:1030,140,0,4
BRDA:1030,141,0,5
BRDA:1044,142,0,2
BRDA:1044,143,0,7
BRDA:1042,144,0,1
BRDA:1051,145,0,1
BRF:146
BRH:98
end_of_record
TN:
SF:src/pages/EditRecipe.tsx
FN:1,(empty-report)
FNF:1
FNH:0
FNDA:0,(empty-report)
DA:1,0
DA:19,0
DA:20,0
DA:21,0
DA:22,0
DA:24,0
DA:26,0
DA:27,0
DA:28,0
DA:29,0
DA:30,0
DA:31,0
DA:32,0
DA:33,0
DA:34,0
DA:35,0
DA:36,0
DA:37,0
DA:38,0
DA:39,0
DA:40,0
DA:41,0
DA:43,0
DA:44,0
DA:46,0
DA:47,0
DA:48,0
DA:50,0
DA:51,0
DA:52,0
DA:53,0
DA:54,0
DA:56,0
DA:57,0
DA:58,0
DA:59,0
DA:60,0
DA:61,0
DA:62,0
DA:63,0
DA:64,0
DA:65,0
DA:66,0
DA:67,0
DA:68,0
DA:69,0
DA:70,0
DA:71,0
DA:72,0
DA:73,0
DA:75,0
DA:76,0
DA:77,0
DA:78,0
DA:79,0
DA:80,0
DA:86,0
DA:88,0
DA:89,0
DA:90,0
DA:91,0
DA:92,0
DA:93,0
DA:94,0
DA:95,0
DA:96,0
DA:97,0
DA:98,0
DA:100,0
DA:101,0
DA:102,0
DA:103,0
DA:104,0
DA:105,0
DA:107,0
DA:109,0
DA:111,0
DA:112,0
DA:113,0
DA:114,0
DA:115,0
DA:117,0
DA:119,0
DA:121,0
DA:123,0
DA:124,0
DA:125,0
DA:127,0
DA:129,0
DA:130,0
DA:131,0
DA:133,0
DA:135,0
DA:136,0
DA:137,0
DA:138,0
DA:139,0
DA:140,0
DA:141,0
DA:142,0
DA:143,0
DA:144,0
DA:145,0
DA:146,0
DA:147,0
DA:148,0
DA:149,0
DA:150,0
DA:151,0
DA:152,0
DA:153,0
DA:154,0
DA:155,0
DA:156,0
DA:157,0
DA:158,0
DA:159,0
DA:160,0
DA:161,0
DA:162,0
DA:163,0
DA:164,0
DA:165,0
DA:166,0
DA:167,0
DA:168,0
DA:169,0
DA:170,0
DA:171,0
DA:172,0
DA:173,0
DA:174,0
DA:176,0
DA:177,0
DA:178,0
DA:179,0
DA:180,0
DA:181,0
DA:182,0
DA:184,0
DA:189,0
DA:190,0
DA:191,0
DA:192,0
DA:195,0
DA:196,0
DA:197,0
DA:200,0
DA:201,0
DA:202,0
DA:203,0
DA:205,0
DA:206,0
DA:207,0
DA:209,0
DA:210,0
DA:211,0
DA:215,0
DA:216,0
DA:217,0
DA:218,0
DA:219,0
DA:220,0
DA:221,0
DA:224,0
DA:225,0
DA:227,0
DA:228,0
DA:229,0
DA:230,0
DA:231,0
DA:238,0
DA:239,0
DA:240,0
DA:241,0
DA:242,0
DA:243,0
DA:244,0
DA:245,0
DA:249,0
DA:250,0
DA:251,0
DA:252,0
DA:253,0
DA:255,0
DA:256,0
DA:257,0
DA:258,0
DA:259,0
DA:260,0
DA:267,0
DA:268,0
DA:269,0
DA:270,0
DA:272,0
DA:273,0
DA:274,0
DA:275,0
DA:276,0
DA:277,0
DA:278,0
DA:284,0
DA:285,0
DA:286,0
DA:287,0
DA:289,0
DA:293,0
DA:294,0
DA:295,0
DA:296,0
DA:297,0
DA:299,0
DA:301,0
DA:302,0
DA:303,0
DA:304,0
DA:306,0
DA:311,0
DA:312,0
DA:313,0
DA:314,0
DA:315,0
DA:316,0
DA:317,0
DA:318,0
DA:319,0
DA:320,0
DA:321,0
DA:326,0
DA:327,0
DA:328,0
DA:329,0
DA:330,0
DA:331,0
DA:332,0
DA:333,0
DA:334,0
DA:335,0
DA:336,0
DA:341,0
DA:342,0
DA:343,0
DA:344,0
DA:350,0
LF:244
LH:0
BRDA:1,0,0,0
BRF:1
BRH:0
end_of_record
TN:
SF:src/pages/Index.tsx
FN:1,(empty-report)
FNF:1
FNH:0
FNDA:0,(empty-report)
DA:1,0
DA:3,0
DA:4,0
DA:5,0
DA:6,0
DA:7,0
DA:8,0
DA:9,0
DA:10,0
DA:17,0
DA:24,0
DA:25,0
DA:26,0
DA:27,0
DA:28,0
DA:30,0
DA:51,0
DA:52,0
DA:53,0
DA:54,0
DA:55,0
DA:56,0
DA:57,0
DA:58,0
DA:59,0
DA:60,0
DA:61,0
DA:62,0
DA:63,0
DA:64,0
DA:65,0
DA:66,0
DA:67,0
DA:68,0
DA:69,0
DA:71,0
DA:72,0
DA:73,0
DA:74,0
DA:75,0
DA:76,0
DA:77,0
DA:78,0
DA:80,0
DA:81,0
DA:82,0
DA:83,0
DA:84,0
DA:85,0
DA:87,0
DA:88,0
DA:89,0
DA:90,0
DA:92,0
DA:93,0
DA:95,0
DA:96,0
DA:97,0
DA:98,0
DA:99,0
DA:100,0
DA:101,0
DA:102,0
DA:103,0
DA:105,0
DA:106,0
DA:107,0
DA:108,0
DA:109,0
DA:110,0
DA:111,0
DA:112,0
DA:113,0
DA:114,0
DA:115,0
DA:116,0
DA:117,0
DA:118,0
DA:119,0
DA:120,0
DA:121,0
DA:122,0
DA:123,0
DA:124,0
DA:125,0
DA:126,0
DA:128,0
DA:129,0
DA:130,0
DA:131,0
DA:132,0
DA:133,0
DA:134,0
DA:136,0
DA:137,0
DA:138,0
DA:139,0
DA:140,0
DA:142,0
DA:143,0
DA:144,0
DA:145,0
DA:146,0
DA:147,0
DA:148,0
DA:149,0
DA:150,0
DA:151,0
DA:152,0
DA:153,0
DA:154,0
DA:155,0
DA:156,0
DA:157,0
DA:158,0
DA:159,0
DA:160,0
DA:162,0
DA:163,0
DA:164,0
DA:165,0
DA:166,0
DA:168,0
DA:169,0
DA:170,0
DA:171,0
DA:172,0
DA:173,0
DA:174,0
DA:175,0
DA:176,0
DA:177,0
DA:178,0
DA:179,0
DA:180,0
DA:181,0
DA:182,0
DA:183,0
DA:184,0
DA:185,0
DA:186,0
DA:188,0
DA:189,0
DA:190,0
DA:191,0
DA:193,0
DA:194,0
DA:196,0
DA:197,0
DA:198,0
DA:199,0
DA:200,0
DA:201,0
DA:202,0
DA:203,0
DA:204,0
DA:205,0
DA:206,0
DA:207,0
DA:208,0
DA:209,0
DA:210,0
DA:211,0
DA:212,0
DA:213,0
DA:214,0
DA:215,0
DA:216,0
DA:217,0
DA:220,0
DA:221,0
DA:222,0
DA:224,0
DA:225,0
DA:226,0
DA:227,0
DA:228,0
DA:229,0
DA:231,0
DA:232,0
DA:233,0
DA:235,0
DA:236,0
DA:237,0
DA:238,0
DA:240,0
DA:241,0
DA:242,0
DA:243,0
DA:245,0
DA:246,0
DA:247,0
DA:248,0
DA:249,0
DA:251,0
DA:252,0
DA:253,0
DA:254,0
DA:255,0
DA:256,0
DA:257,0
DA:259,0
DA:260,0
DA:262,0
DA:263,0
DA:264,0
DA:265,0
DA:266,0
DA:267,0
DA:269,0
DA:270,0
DA:271,0
DA:274,0
DA:275,0
DA:277,0
DA:280,0
DA:281,0
DA:283,0
DA:284,0
DA:285,0
DA:286,0
DA:289,0
DA:290,0
DA:292,0
DA:293,0
DA:296,0
DA:297,0
DA:302,0
DA:303,0
DA:304,0
DA:305,0
DA:306,0
DA:307,0
DA:308,0
DA:312,0
DA:313,0
DA:314,0
DA:315,0
DA:316,0
DA:319,0
DA:320,0
DA:321,0
DA:322,0
DA:324,0
DA:325,0
DA:326,0
DA:327,0
DA:333,0
DA:334,0
DA:337,0
DA:338,0
DA:339,0
DA:347,0
DA:348,0
DA:349,0
DA:350,0
DA:351,0
DA:352,0
DA:353,0
DA:354,0
DA:360,0
DA:362,0
DA:363,0
DA:364,0
DA:365,0
DA:366,0
DA:367,0
DA:368,0
DA:370,0
DA:373,0
DA:374,0
DA:375,0
DA:376,0
DA:377,0
DA:378,0
DA:380,0
DA:381,0
DA:382,0
DA:383,0
DA:384,0
DA:391,0
DA:392,0
DA:393,0
DA:394,0
DA:397,0
DA:398,0
DA:399,0
DA:400,0
DA:401,0
DA:403,0
DA:407,0
DA:408,0
DA:409,0
DA:410,0
DA:411,0
DA:412,0
DA:413,0
DA:414,0
DA:415,0
DA:418,0
DA:419,0
DA:421,0
DA:422,0
DA:423,0
DA:424,0
DA:425,0
DA:426,0
DA:428,0
DA:434,0
DA:441,0
DA:442,0
DA:443,0
DA:444,0
DA:445,0
DA:446,0
DA:447,0
DA:448,0
DA:449,0
DA:451,0
DA:453,0
DA:454,0
DA:455,0
DA:456,0
DA:458,0
DA:459,0
DA:460,0
DA:461,0
DA:462,0
DA:463,0
DA:465,0
DA:469,0
DA:470,0
DA:471,0
DA:472,0
DA:473,0
DA:475,0
DA:478,0
DA:479,0
DA:480,0
DA:481,0
DA:482,0
DA:490,0
DA:491,0
DA:492,0
DA:493,0
DA:497,0
DA:498,0
DA:499,0
DA:500,0
DA:501,0
DA:502,0
DA:503,0
DA:504,0
DA:508,0
DA:509,0
DA:510,0
DA:511,0
DA:515,0
DA:516,0
DA:517,0
DA:520,0
DA:521,0
DA:524,0
DA:532,0
DA:533,0
DA:534,0
DA:535,0
DA:537,0
DA:538,0
DA:539,0
DA:540,0
DA:541,0
DA:542,0
DA:544,0
DA:545,0
DA:548,0
DA:556,0
DA:558,0
LF:378
LH:0
BRDA:1,0,0,0
BRF:1
BRH:0
end_of_record
TN:
SF:src/pages/IngredientMatch.tsx
FN:1,(empty-report)
FNF:1
FNH:0
FNDA:0,(empty-report)
DA:1,0
DA:3,0
DA:4,0
DA:5,0
DA:6,0
DA:7,0
DA:8,0
DA:9,0
DA:10,0
DA:17,0
DA:22,0
DA:23,0
DA:26,0
DA:27,0
DA:28,0
DA:29,0
DA:30,0
DA:31,0
DA:32,0
DA:41,0
DA:42,0
DA:43,0
DA:44,0
DA:45,0
DA:46,0
DA:48,0
DA:49,0
DA:50,0
DA:52,0
DA:53,0
DA:54,0
DA:55,0
DA:56,0
DA:58,0
DA:59,0
DA:61,0
DA:62,0
DA:63,0
DA:64,0
DA:65,0
DA:66,0
DA:68,0
DA:70,0
DA:71,0
DA:72,0
DA:73,0
DA:74,0
DA:75,0
DA:76,0
DA:77,0
DA:78,0
DA:81,0
DA:82,0
DA:83,0
DA:85,0
DA:86,0
DA:87,0
DA:89,0
DA:91,0
DA:92,0
DA:93,0
DA:94,0
DA:95,0
DA:97,0
DA:98,0
DA:99,0
DA:100,0
DA:101,0
DA:103,0
DA:104,0
DA:105,0
DA:107,0
DA:108,0
DA:109,0
DA:110,0
DA:111,0
DA:112,0
DA:113,0
DA:114,0
DA:115,0
DA:117,0
DA:118,0
DA:119,0
DA:120,0
DA:121,0
DA:123,0
DA:124,0
DA:126,0
DA:127,0
DA:128,0
DA:129,0
DA:131,0
DA:132,0
DA:133,0
DA:138,0
DA:140,0
DA:141,0
DA:145,0
DA:146,0
DA:147,0
DA:148,0
DA:149,0
DA:150,0
DA:151,0
DA:152,0
DA:153,0
DA:154,0
DA:155,0
DA:156,0
DA:157,0
DA:158,0
DA:159,0
DA:160,0
DA:161,0
DA:162,0
DA:163,0
DA:164,0
DA:168,0
DA:169,0
DA:170,0
DA:171,0
DA:173,0
DA:174,0
DA:175,0
DA:176,0
DA:177,0
DA:178,0
DA:179,0
DA:181,0
DA:182,0
DA:185,0
DA:188,0
DA:189,0
DA:190,0
DA:191,0
DA:192,0
DA:193,0
DA:194,0
DA:196,0
DA:205,0
DA:206,0
DA:211,0
DA:212,0
DA:213,0
DA:214,0
DA:215,0
DA:216,0
DA:217,0
DA:219,0
DA:220,0
DA:221,0
DA:222,0
DA:224,0
DA:228,0
DA:229,0
DA:230,0
DA:231,0
DA:232,0
DA:233,0
DA:241,0
DA:242,0
DA:243,0
DA:244,0
DA:248,0
DA:249,0
DA:250,0
DA:255,0
DA:256,0
DA:257,0
DA:260,0
DA:261,0
DA:262,0
DA:263,0
DA:264,0
DA:265,0
DA:267,0
DA:268,0
DA:269,0
DA:270,0
DA:271,0
DA:272,0
DA:273,0
DA:276,0
DA:277,0
DA:281,0
DA:282,0
DA:283,0
DA:285,0
DA:286,0
DA:287,0
DA:290,0
DA:291,0
DA:292,0
DA:293,0
DA:300,0
DA:301,0
DA:302,0
DA:303,0
DA:304,0
DA:305,0
DA:306,0
DA:307,0
DA:310,0
DA:311,0
DA:312,0
DA:313,0
DA:314,0
DA:316,0
DA:329,0
DA:331,0
LF:210
LH:0
BRDA:1,0,0,0
BRF:1
BRH:0
end_of_record
TN:
SF:src/pages/Login.tsx
FN:14,Login
FN:22,handleLogin
FN:32,handleSignup
FN:72,onChange
FN:82,onChange
FN:107,onChange
FN:116,onChange
FN:126,onChange
FN:135,onChange
FN:149,onClick
FNF:10
FNH:1
FNDA:1,Login
FNDA:0,handleLogin
FNDA:0,handleSignup
FNDA:0,onChange
FNDA:0,onChange
FNDA:0,onChange
FNDA:0,onChange
FNDA:0,onChange
FNDA:0,onChange
FNDA:0,onClick
DA:1,1
DA:14,1
DA:15,1
DA:16,1
DA:17,1
DA:18,1
DA:20,1
DA:22,1
DA:23,0
DA:24,0
DA:25,0
DA:26,0
DA:27,0
DA:28,0
DA:29,0
DA:30,0
DA:32,1
DA:33,0
DA:34,0
DA:35,0
DA:36,0
DA:37,0
DA:38,0
DA:39,0
DA:40,0
DA:42,1
DA:43,1
DA:44,1
DA:45,1
DA:46,1
DA:47,1
DA:48,1
DA:53,1
DA:54,1
DA:55,1
DA:56,1
DA:59,1
DA:60,1
DA:61,1
DA:62,1
DA:63,1
DA:65,1
DA:66,1
DA:67,1
DA:68,1
DA:69,1
DA:70,1
DA:71,1
DA:72,1
DA:73,1
DA:76,1
DA:77,1
DA:78,1
DA:79,1
DA:80,1
DA:81,1
DA:82,1
DA:83,1
DA:86,1
DA:94,1
DA:95,1
DA:96,1
DA:97,1
DA:98,1
DA:100,1
DA:101,1
DA:102,1
DA:103,1
DA:104,1
DA:105,1
DA:106,1
DA:107,1
DA:108,1
DA:111,1
DA:112,1
DA:113,1
DA:114,1
DA:115,1
DA:116,1
DA:117,1
DA:120,1
DA:121,1
DA:122,1
DA:123,1
DA:124,1
DA:125,1
DA:126,1
DA:129,1
DA:130,1
DA:131,1
DA:132,1
DA:133,1
DA:134,1
DA:135,1
DA:136,1
DA:139,1
DA:148,1
DA:149,1
DA:156,1
LF:99
LH:83
BRDA:14,0,0,1
BRDA:54,1,0,0
BRF:2
BRH:1
end_of_record
TN:
SF:src/pages/MealPlan.tsx
FN:1,(empty-report)
FNF:1
FNH:0
FNDA:0,(empty-report)
DA:1,0
DA:3,0
DA:4,0
DA:5,0
DA:6,0
DA:7,0
DA:8,0
DA:9,0
DA:10,0
DA:11,0
DA:12,0
DA:13,0
DA:14,0
DA:29,0
DA:30,0
DA:31,0
DA:33,0
DA:34,0
DA:46,0
DA:47,0
DA:48,0
DA:49,0
DA:50,0
DA:52,0
DA:54,0
DA:55,0
DA:56,0
DA:57,0
DA:58,0
DA:59,0
DA:60,0
DA:72,0
DA:73,0
DA:74,0
DA:75,0
DA:76,0
DA:77,0
DA:78,0
DA:79,0
DA:80,0
DA:82,0
DA:83,0
DA:84,0
DA:85,0
DA:86,0
DA:88,0
DA:89,0
DA:90,0
DA:92,0
DA:93,0
DA:94,0
DA:95,0
DA:97,0
DA:98,0
DA:99,0
DA:101,0
DA:102,0
DA:103,0
DA:105,0
DA:106,0
DA:107,0
DA:110,0
DA:111,0
DA:112,0
DA:113,0
DA:114,0
DA:115,0
DA:116,0
DA:117,0
DA:118,0
DA:120,0
DA:121,0
DA:122,0
DA:123,0
DA:124,0
DA:125,0
DA:127,0
DA:129,0
DA:130,0
DA:132,0
DA:133,0
DA:134,0
DA:135,0
DA:136,0
DA:138,0
DA:139,0
DA:140,0
DA:141,0
DA:142,0
DA:143,0
DA:144,0
DA:145,0
DA:147,0
DA:148,0
DA:149,0
DA:150,0
DA:151,0
DA:152,0
DA:153,0
DA:155,0
DA:156,0
DA:157,0
DA:158,0
DA:159,0
DA:160,0
DA:161,0
DA:162,0
DA:164,0
DA:165,0
DA:166,0
DA:167,0
DA:168,0
DA:169,0
DA:170,0
DA:171,0
DA:172,0
DA:173,0
DA:174,0
DA:175,0
DA:177,0
DA:178,0
DA:179,0
DA:181,0
DA:182,0
DA:183,0
DA:184,0
DA:186,0
DA:187,0
DA:188,0
DA:189,0
DA:190,0
DA:191,0
DA:192,0
DA:193,0
DA:194,0
DA:195,0
DA:197,0
DA:198,0
DA:199,0
DA:202,0
DA:203,0
DA:204,0
DA:205,0
DA:206,0
DA:207,0
DA:208,0
DA:209,0
DA:211,0
DA:212,0
DA:213,0
DA:214,0
DA:215,0
DA:216,0
DA:217,0
DA:218,0
DA:219,0
DA:220,0
DA:222,0
DA:224,0
DA:225,0
DA:226,0
DA:227,0
DA:228,0
DA:229,0
DA:230,0
DA:231,0
DA:232,0
DA:233,0
DA:235,0
DA:237,0
DA:238,0
DA:239,0
DA:240,0
DA:241,0
DA:242,0
DA:243,0
DA:245,0
DA:246,0
DA:247,0
DA:248,0
DA:249,0
DA:250,0
DA:251,0
DA:253,0
DA:254,0
DA:255,0
DA:257,0
DA:258,0
DA:259,0
DA:260,0
DA:261,0
DA:262,0
DA:263,0
DA:264,0
DA:265,0
DA:266,0
DA:268,0
DA:269,0
DA:270,0
DA:272,0
DA:273,0
DA:274,0
DA:275,0
DA:276,0
DA:277,0
DA:278,0
DA:280,0
DA:281,0
DA:282,0
DA:283,0
DA:285,0
DA:286,0
DA:287,0
DA:289,0
DA:290,0
DA:291,0
DA:292,0
DA:293,0
DA:294,0
DA:295,0
DA:296,0
DA:297,0
DA:298,0
DA:299,0
DA:301,0
DA:302,0
DA:303,0
DA:304,0
DA:306,0
DA:307,0
DA:308,0
DA:311,0
DA:312,0
DA:313,0
DA:314,0
DA:315,0
DA:316,0
DA:317,0
DA:318,0
DA:319,0
DA:320,0
DA:322,0
DA:323,0
DA:324,0
DA:325,0
DA:326,0
DA:327,0
DA:328,0
DA:329,0
DA:331,0
DA:332,0
DA:333,0
DA:334,0
DA:336,0
DA:337,0
DA:339,0
DA:340,0
DA:341,0
DA:342,0
DA:343,0
DA:344,0
DA:346,0
DA:347,0
DA:348,0
DA:351,0
DA:352,0
DA:353,0
DA:354,0
DA:361,0
DA:362,0
DA:363,0
DA:364,0
DA:365,0
DA:366,0
DA:367,0
DA:369,0
DA:370,0
DA:371,0
DA:372,0
DA:373,0
DA:376,0
DA:377,0
DA:378,0
DA:379,0
DA:380,0
DA:381,0
DA:382,0
DA:384,0
DA:385,0
DA:386,0
DA:391,0
DA:392,0
DA:393,0
DA:395,0
DA:396,0
DA:397,0
DA:398,0
DA:399,0
DA:400,0
DA:401,0
DA:402,0
DA:403,0
DA:405,0
DA:406,0
DA:414,0
DA:415,0
DA:416,0
DA:418,0
DA:419,0
DA:420,0
DA:421,0
DA:422,0
DA:423,0
DA:424,0
DA:425,0
DA:427,0
DA:428,0
DA:433,0
DA:434,0
DA:441,0
DA:442,0
DA:443,0
DA:444,0
DA:445,0
DA:448,0
DA:454,0
DA:455,0
DA:456,0
DA:462,0
DA:463,0
DA:464,0
DA:465,0
DA:466,0
DA:470,0
DA:471,0
DA:472,0
DA:473,0
DA:478,0
DA:479,0
DA:480,0
DA:481,0
DA:485,0
DA:486,0
DA:487,0
DA:488,0
DA:489,0
DA:490,0
DA:491,0
DA:494,0
DA:495,0
DA:496,0
DA:498,0
DA:499,0
DA:500,0
DA:501,0
DA:502,0
DA:503,0
DA:505,0
DA:508,0
DA:509,0
DA:515,0
DA:516,0
DA:517,0
DA:518,0
DA:519,0
DA:525,0
DA:526,0
DA:527,0
DA:528,0
DA:529,0
DA:530,0
DA:531,0
DA:532,0
DA:535,0
DA:536,0
DA:537,0
DA:538,0
DA:539,0
DA:540,0
DA:541,0
DA:542,0
DA:543,0
DA:544,0
DA:546,0
DA:547,0
DA:548,0
DA:549,0
DA:551,0
DA:552,0
DA:554,0
DA:557,0
DA:558,0
DA:559,0
DA:560,0
DA:561,0
DA:563,0
DA:568,0
DA:569,0
DA:570,0
DA:571,0
DA:572,0
DA:574,0
DA:575,0
DA:576,0
DA:577,0
DA:578,0
DA:579,0
DA:580,0
DA:581,0
DA:582,0
DA:583,0
DA:584,0
DA:585,0
DA:586,0
DA:588,0
DA:591,0
DA:597,0
DA:598,0
DA:599,0
DA:600,0
DA:601,0
DA:603,0
DA:604,0
DA:605,0
DA:606,0
DA:607,0
DA:608,0
DA:609,0
DA:610,0
DA:611,0
DA:612,0
DA:613,0
DA:614,0
DA:615,0
DA:617,0
DA:620,0
DA:626,0
DA:630,0
DA:637,0
DA:638,0
DA:639,0
DA:640,0
DA:641,0
DA:645,0
DA:646,0
DA:647,0
DA:648,0
DA:649,0
DA:651,0
DA:652,0
DA:653,0
DA:654,0
DA:655,0
DA:656,0
DA:658,0
DA:659,0
DA:662,0
DA:663,0
DA:672,0
DA:674,0
LF:460
LH:0
BRDA:1,0,0,0
BRF:1
BRH:0
end_of_record
TN:
SF:src/pages/NotFound.tsx
FN:4,NotFound
FNF:1
FNH:1
FNDA:1,NotFound
DA:1,1
DA:2,1
DA:4,1
DA:5,1
DA:7,1
DA:8,1
DA:9,1
DA:11,1
DA:12,1
DA:13,1
DA:14,1
DA:15,1
DA:16,1
DA:22,1
DA:24,1
LF:15
LH:15
BRDA:4,0,0,1
BRDA:7,1,0,1
BRF:2
BRH:2
end_of_record
TN:
SF:src/pages/Profile.tsx
FN:19,Profile
FN:48,handleSubmit
FN:58,handleAvatarUpload
FN:70,handlePrefChange
FN:111,handlePasswordSubmit
FN:132,getInitials
FN:144,onClick
FN:177,onClick
FN:198,onChange
FN:213,onChange
FN:234,onChange
FN:244,onChange
FN:254,onChange
FN:272,onValueChange
FN:323,onCheckedChange
FN:334,onChange
FN:349,onChange
FN:367,onCheckedChange
FN:380,onCheckedChange
FNF:19
FNH:1
FNDA:1,Profile
FNDA:0,handleSubmit
FNDA:0,handleAvatarUpload
FNDA:0,handlePrefChange
FNDA:0,handlePasswordSubmit
FNDA:0,getInitials
FNDA:0,onClick
FNDA:0,onClick
FNDA:0,onChange
FNDA:0,onChange
FNDA:0,onChange
FNDA:0,onChange
FNDA:0,onChange
FNDA:0,onValueChange
FNDA:0,onCheckedChange
FNDA:0,onChange
FNDA:0,onChange
FNDA:0,onCheckedChange
FNDA:0,onCheckedChange
DA:1,1
DA:19,1
DA:20,1
DA:21,1
DA:22,1
DA:23,1
DA:24,1
DA:25,1
DA:26,1
DA:27,1
DA:28,1
DA:29,1
DA:30,1
DA:31,1
DA:32,1
DA:33,1
DA:34,1
DA:35,1
DA:36,1
DA:37,1
DA:38,1
DA:39,1
DA:40,1
DA:41,1
DA:43,1
DA:44,0
DA:45,0
DA:46,0
DA:48,1
DA:49,0
DA:50,0
DA:51,0
DA:52,0
DA:53,0
DA:54,0
DA:55,0
DA:56,0
DA:58,1
DA:59,0
DA:60,0
DA:62,0
DA:63,0
DA:64,0
DA:65,0
DA:66,0
DA:67,0
DA:68,0
DA:70,1
DA:71,0
DA:72,0
DA:74,0
DA:75,0
DA:76,0
DA:77,0
DA:79,0
DA:80,0
DA:81,0
DA:82,0
DA:83,0
DA:84,0
DA:85,0
DA:86,0
DA:87,0
DA:88,0
DA:89,0
DA:90,0
DA:91,0
DA:92,0
DA:94,0
DA:95,0
DA:96,0
DA:98,0
DA:99,0
DA:100,0
DA:101,0
DA:102,0
DA:103,0
DA:104,0
DA:105,0
DA:106,0
DA:107,0
DA:108,0
DA:109,0
DA:111,1
DA:112,0
DA:114,0
DA:115,0
DA:116,0
DA:117,0
DA:119,0
DA:120,0
DA:121,0
DA:122,0
DA:123,0
DA:124,0
DA:125,0
DA:126,0
DA:127,0
DA:128,0
DA:129,0
DA:130,0
DA:132,1
DA:133,0
DA:134,0
DA:135,0
DA:136,0
DA:137,0
DA:138,0
DA:140,1
DA:141,1
DA:142,1
DA:143,1
DA:144,1
DA:145,1
DA:151,1
DA:152,1
DA:153,1
DA:156,1
DA:158,1
DA:159,1
DA:160,1
DA:162,1
DA:163,1
DA:164,1
DA:165,1
DA:166,1
DA:169,1
DA:170,1
DA:171,1
DA:172,1
DA:173,1
DA:174,1
DA:175,1
DA:177,1
DA:178,1
DA:186,1
DA:187,1
DA:188,1
DA:189,1
DA:191,1
DA:192,1
DA:193,1
DA:194,1
DA:195,1
DA:196,1
DA:197,1
DA:198,1
DA:199,1
DA:202,1
DA:203,1
DA:204,1
DA:205,1
DA:207,1
DA:208,1
DA:209,1
DA:210,1
DA:211,1
DA:212,1
DA:213,1
DA:216,1
DA:221,1
DA:222,1
DA:223,1
DA:224,1
DA:226,1
DA:227,1
DA:228,1
DA:229,1
DA:230,1
DA:231,1
DA:232,1
DA:233,1
DA:234,1
DA:235,1
DA:238,1
DA:239,1
DA:240,1
DA:241,1
DA:242,1
DA:243,1
DA:244,1
DA:245,1
DA:248,1
DA:249,1
DA:250,1
DA:251,1
DA:252,1
DA:253,1
DA:254,1
DA:255,1
DA:258,1
DA:264,1
DA:265,1
DA:266,1
DA:267,1
DA:269,1
DA:270,1
DA:271,1
DA:272,1
DA:273,1
DA:275,1
DA:276,6
DA:277,6
DA:279,6
DA:280,6
DA:281,6
DA:282,6
DA:283,6
DA:284,6
DA:285,0
DA:286,6
DA:287,6
DA:289,6
DA:290,6
DA:291,6
DA:292,6
DA:294,6
DA:295,6
DA:296,6
DA:297,6
DA:301,6
DA:304,6
DA:310,1
DA:311,1
DA:312,1
DA:313,1
DA:315,1
DA:316,1
DA:317,1
DA:318,1
DA:319,1
DA:321,1
DA:322,1
DA:323,1
DA:327,1
DA:329,1
DA:330,1
DA:331,1
DA:332,1
DA:333,1
DA:334,1
DA:335,1
DA:337,1
DA:338,1
DA:342,1
DA:344,1
DA:345,1
DA:346,1
DA:347,1
DA:348,1
DA:349,1
DA:350,1
DA:352,1
DA:353,1
DA:354,1
DA:358,1
DA:360,1
DA:361,1
DA:362,1
DA:363,1
DA:365,1
DA:366,1
DA:367,1
DA:371,1
DA:373,1
DA:374,1
DA:375,1
DA:376,1
DA:378,1
DA:379,1
DA:380,1
DA:389,1
LF:272
LH:193
BRDA:19,0,0,1
BRDA:33,1,0,0
BRDA:43,2,0,0
BRDA:153,3,0,0
BRDA:275,4,0,6
BRDA:276,5,0,0
BRDA:284,6,0,0
BRF:7
BRH:2
end_of_record
TN:
SF:src/pages/RecipePage.tsx
FN:12,RecipePage
FN:33,onClick
FN:42,onClose
FN:48,onClose
FN:49,onStartCookMode
FNF:5
FNH:3
FNDA:4,RecipePage
FNDA:0,onClick
FNDA:1,onClose
FNDA:0,onClose
FNDA:1,onStartCookMode
DA:1,1
DA:12,1
DA:13,4
DA:14,4
DA:15,4
DA:16,4
DA:18,4
DA:20,4
DA:21,2
DA:22,1
DA:23,1
DA:24,4
DA:26,4
DA:27,1
DA:28,1
DA:29,1
DA:30,1
DA:31,1
DA:33,1
DA:39,1
DA:41,4
DA:42,1
DA:43,1
DA:45,2
DA:46,2
DA:47,2
DA:48,2
DA:49,2
DA:52,2
LF:29
LH:29
BRDA:12,0,0,4
BRDA:26,1,0,1
BRDA:31,2,0,0
BRDA:39,3,0,3
BRDA:41,4,0,1
BRDA:43,5,0,2
BRDA:18,6,0,3
BRDA:20,7,0,2
BRDA:21,8,0,1
BRDA:42,9,0,1
BRDA:49,10,0,1
BRF:11
BRH:10
end_of_record
TN:
SF:src/pages/Settings.tsx
FN:44,formatBytes
FN:56,Settings
FN:103,handleExport
FN:122,handleImport
FN:146,handleSaveExtractionSettings
FN:171,handlePullOllamaModel
FN:197,handleActivateOllamaModel
FN:222,handleDeleteOllamaModel
FN:241,handleUploadVoskModel
FN:269,handleCheckForUpdates
FN:294,handleDismissUpdate
FN:322,onClick
FN:406,onClick
FN:411,onClick
FN:441,onChange
FN:444,onClick
FN:505,onChange
FN:527,onClick
FN:539,onClick
FN:554,onClick
FN:568,onClick
FNF:21
FNH:1
FNDA:0,formatBytes
FNDA:1,Settings
FNDA:0,handleExport
FNDA:0,handleImport
FNDA:0,handleSaveExtractionSettings
FNDA:0,handlePullOllamaModel
FNDA:0,handleActivateOllamaModel
FNDA:0,handleDeleteOllamaModel
FNDA:0,handleUploadVoskModel
FNDA:0,handleCheckForUpdates
FNDA:0,handleDismissUpdate
FNDA:0,onClick
FNDA:0,onClick
FNDA:0,onClick
FNDA:0,onChange
FNDA:0,onClick
FNDA:0,onChange
FNDA:0,onClick
FNDA:0,onClick
FNDA:0,onClick
FNDA:0,onClick
DA:1,1
DA:44,0
DA:45,0
DA:46,0
DA:47,0
DA:48,0
DA:49,0
DA:50,0
DA:51,0
DA:52,0
DA:53,0
DA:54,0
DA:56,1
DA:57,1
DA:58,1
DA:59,1
DA:60,1
DA:61,1
DA:62,1
DA:63,1
DA:64,1
DA:65,1
DA:66,1
DA:67,1
DA:68,1
DA:69,1
DA:70,1
DA:71,1
DA:72,1
DA:73,1
DA:74,1
DA:75,1
DA:76,1
DA:77,1
DA:79,1
DA:80,1
DA:81,1
DA:82,1
DA:84,0
DA:85,0
DA:86,0
DA:87,0
DA:88,0
DA:89,0
DA:90,0
DA:91,1
DA:93,1
DA:94,1
DA:95,1
DA:96,1
DA:98,0
DA:99,0
DA:100,0
DA:101,1
DA:103,1
DA:104,0
DA:105,0
DA:106,0
DA:107,0
DA:108,0
DA:109,0
DA:110,0
DA:111,0
DA:112,0
DA:113,0
DA:114,0
DA:115,0
DA:116,0
DA:117,0
DA:118,0
DA:119,0
DA:120,0
DA:122,1
DA:123,0
DA:124,0
DA:126,0
DA:127,0
DA:128,0
DA:129,0
DA:130,0
DA:131,0
DA:132,0
DA:133,0
DA:134,0
DA:135,0
DA:136,0
DA:137,0
DA:138,0
DA:139,0
DA:140,0
DA:141,0
DA:142,0
DA:143,0
DA:144,0
DA:146,1
DA:147,0
DA:148,0
DA:149,0
DA:150,0
DA:151,0
DA:152,0
DA:153,0
DA:154,0
DA:155,0
DA:156,0
DA:157,0
DA:158,0
DA:159,0
DA:160,0
DA:161,0
DA:162,0
DA:163,0
DA:164,0
DA:165,0
DA:166,0
DA:167,0
DA:168,0
DA:169,0
DA:171,1
DA:172,0
DA:173,0
DA:174,0
DA:175,0
DA:177,0
DA:178,0
DA:179,0
DA:180,0
DA:181,0
DA:182,0
DA:183,0
DA:184,0
DA:185,0
DA:186,0
DA:187,0
DA:188,0
DA:189,0
DA:190,0
DA:191,0
DA:192,0
DA:193,0
DA:194,0
DA:195,0
DA:197,1
DA:198,0
DA:199,0
DA:200,0
DA:201,0
DA:202,0
DA:203,0
DA:204,0
DA:205,0
DA:206,0
DA:207,0
DA:208,0
DA:209,0
DA:210,0
DA:211,0
DA:212,0
DA:213,0
DA:214,0
DA:215,0
DA:216,0
DA:217,0
DA:218,0
DA:219,0
DA:220,0
DA:222,1
DA:223,0
DA:224,0
DA:225,0
DA:226,0
DA:227,0
DA:228,0
DA:229,0
DA:230,0
DA:231,0
DA:232,0
DA:233,0
DA:234,0
DA:235,0
DA:236,0
DA:237,0
DA:238,0
DA:239,0
DA:241,1
DA:242,0
DA:243,0
DA:245,0
DA:246,0
DA:247,0
DA:248,0
DA:250,0
DA:251,0
DA:252,0
DA:253,0
DA:254,0
DA:255,0
DA:256,0
DA:257,0
DA:258,0
DA:259,0
DA:260,0
DA:261,0
DA:262,0
DA:263,0
DA:264,0
DA:265,0
DA:266,0
DA:267,0
DA:269,1
DA:270,0
DA:271,0
DA:272,0
DA:273,0
DA:274,0
DA:275,0
DA:276,0
DA:277,0
DA:278,0
DA:279,0
DA:280,0
DA:281,0
DA:282,0
DA:283,0
DA:284,0
DA:285,0
DA:286,0
DA:287,0
DA:288,0
DA:289,0
DA:290,0
DA:291,0
DA:292,0
DA:294,1
DA:295,0
DA:296,0
DA:297,0
DA:298,0
DA:299,0
DA:300,0
DA:301,0
DA:302,0
DA:303,0
DA:304,0
DA:305,0
DA:306,0
DA:307,0
DA:308,0
DA:309,0
DA:310,0
DA:311,0
DA:312,0
DA:313,0
DA:314,0
DA:315,0
DA:317,1
DA:318,1
DA:319,1
DA:320,1
DA:321,1
DA:322,1
DA:323,1
DA:325,1
DA:330,1
DA:331,1
DA:332,1
DA:333,1
DA:334,1
DA:335,1
DA:336,1
DA:337,1
DA:340,1
DA:341,1
DA:342,1
DA:343,1
DA:348,1
DA:349,1
DA:350,1
DA:351,1
DA:352,1
DA:360,1
DA:361,1
DA:362,1
DA:364,1
DA:365,1
DA:366,1
DA:371,1
DA:372,1
DA:373,1
DA:376,1
DA:377,1
DA:378,1
DA:381,1
DA:382,1
DA:383,1
DA:386,1
DA:387,1
DA:388,1
DA:389,1
DA:393,1
DA:394,1
DA:395,1
DA:399,1
DA:400,1
DA:405,1
DA:406,1
DA:409,1
DA:410,1
DA:411,1
DA:412,1
DA:413,1
DA:418,1
DA:419,1
DA:422,1
DA:423,1
DA:427,1
DA:432,1
DA:434,1
DA:435,1
DA:436,1
DA:437,1
DA:438,1
DA:439,1
DA:440,1
DA:441,1
DA:442,1
DA:444,1
DA:448,1
DA:453,1
DA:454,1
DA:455,1
DA:456,1
DA:457,1
DA:458,1
DA:459,1
DA:460,1
DA:461,1
DA:462,1
DA:463,1
DA:466,1
DA:467,1
DA:472,1
DA:473,1
DA:474,1
DA:475,1
DA:476,1
DA:477,1
DA:480,1
DA:481,1
DA:482,1
DA:483,1
DA:485,1
DA:493,1
DA:499,1
DA:500,1
DA:501,1
DA:502,1
DA:503,1
DA:504,1
DA:505,1
DA:506,1
DA:508,1
DA:509,1
DA:510,1
DA:515,1
DA:516,1
DA:517,1
DA:518,1
DA:519,1
DA:520,1
DA:521,1
DA:522,1
DA:524,1
DA:525,1
DA:526,1
DA:527,1
DA:528,1
DA:530,1
DA:534,1
DA:539,1
DA:543,1
DA:550,1
DA:551,1
DA:553,1
DA:554,1
DA:555,1
DA:559,1
DA:560,1
DA:561,1
DA:562,1
DA:563,1
DA:564,1
DA:566,1
DA:567,1
DA:568,1
DA:569,1
DA:571,1
DA:576,1
DA:583,1
LF:399
LH:186
BRDA:56,0,0,1
BRDA:337,1,0,0
BRDA:343,2,0,0
BRDA:79,3,0,1
BRDA:82,4,0,0
BRDA:93,5,0,1
BRDA:96,6,0,0
BRF:7
BRH:3
end_of_record
